2024-12-20 17:58:05,344 - INFO - App started at 2024-12-20 17:58:05.344751
2024-12-20 17:58:05,500 - INFO - Blueprints registered
2024-12-20 17:58:36,398 - INFO - User <User ADMIN> attempted to log in at 2024-12-20 17:58:36.398739
2024-12-20 17:58:36,399 - DEBUG - Retrieved hash: $2b$12$Y0Q5Jf8cY3a1GgXCE2emQejD1tOr1BBRfYQ7i.RQDS2Depfj3LEru
2024-12-20 17:58:36,400 - DEBUG - Entered password: Whit123+
2024-12-20 17:58:36,400 - DEBUG - Hash type: <class 'str'>
2024-12-20 17:58:36,714 - DEBUG - Calculated Hash: $2b$12$ZjRtFywi0nlOHbV7dXInyerz0kBcKE6Ie8ilGKcOvIk4m3WS0aF5q
2024-12-20 17:58:37,038 - DEBUG - Password match: True
2024-12-20 17:58:37,040 - INFO - User tylerw@thefuturecomp.com logged in at 2024-12-20 17:58:37.039965
2024-12-20 17:58:50,860 - INFO - User tylerw@thefuturecomp.com accessed the admin dashboard at 2024-12-20 17:58:50.860045
2024-12-20 18:21:55,575 - INFO - User attempted to register at 2024-12-20 18:21:55.575212
2024-12-20 18:23:42,141 - INFO - User attempted to register at 2024-12-20 18:23:42.141476
2024-12-20 18:25:12,136 - INFO - User attempted to register at 2024-12-20 18:25:12.136519
2024-12-20 18:45:39,487 - INFO - App started at 2024-12-20 18:45:39.487828
2024-12-20 18:45:39,681 - INFO - Blueprints registered
2024-12-20 18:54:45,115 - INFO - User <User ADMIN> attempted to log in at 2024-12-20 18:54:45.115054
2024-12-20 18:54:45,116 - DEBUG - Retrieved hash: $2b$12$Y0Q5Jf8cY3a1GgXCE2emQejD1tOr1BBRfYQ7i.RQDS2Depfj3LEru
2024-12-20 18:54:45,116 - DEBUG - Entered password: Whit123+
2024-12-20 18:54:45,116 - DEBUG - Hash type: <class 'str'>
2024-12-20 18:54:45,416 - DEBUG - Calculated Hash: $2b$12$mke8x8GfRcnoOCrcWxGe0eZZu9Fk/65770SUs/0GCUaDZa6BvYoRy
2024-12-20 18:54:45,710 - DEBUG - Password match: True
2024-12-20 18:54:45,711 - INFO - User tylerw@thefuturecomp.com logged in at 2024-12-20 18:54:45.711733
2024-12-20 18:55:37,109 - INFO - User <User ADMIN> attempted to log in at 2024-12-20 18:55:37.109805
2024-12-20 18:55:37,110 - DEBUG - Retrieved hash: $2b$12$Y0Q5Jf8cY3a1GgXCE2emQejD1tOr1BBRfYQ7i.RQDS2Depfj3LEru
2024-12-20 18:55:37,110 - DEBUG - Entered password: Whit123+
2024-12-20 18:55:37,110 - DEBUG - Hash type: <class 'str'>
2024-12-20 18:55:37,401 - DEBUG - Calculated Hash: $2b$12$8D/VNUAC57FGOVtWPWOT8OYfgFI9c/qTCn/yHhWRAP4uFrecbp5WW
2024-12-20 18:55:37,693 - DEBUG - Password match: True
2024-12-20 18:55:37,694 - INFO - User tylerw@thefuturecomp.com logged in at 2024-12-20 18:55:37.694239
2024-12-20 18:55:42,019 - INFO - User tylerw@thefuturecomp.com accessed the earn points page at 2024-12-20 18:55:42.019377
2024-12-20 18:56:00,069 - INFO - User tylerw@thefuturecomp.com accessed the earn points page at 2024-12-20 18:56:00.069936
2024-12-20 18:56:00,115 - INFO - User tylerw@thefuturecomp.com successfully earned points for code WINDOW-FRONT at 2024-12-20 18:56:00.115495
2024-12-20 18:57:10,436 - INFO - App started at 2024-12-20 18:57:10.436743
2024-12-20 18:57:10,629 - INFO - Blueprints registered
2024-12-20 18:57:24,331 - INFO - User tylerw@thefuturecomp.com logged out at 2024-12-20 18:57:24.331200
2024-12-20 18:57:25,321 - INFO - User tylerw@thefuturecomp.com logged out at 2024-12-20 18:57:25.321841
2024-12-20 18:57:54,384 - INFO - User tylerw@thefuturecomp.com accessed the earn points page at 2024-12-20 18:57:54.384018
2024-12-20 18:58:01,802 - INFO - User tylerw@thefuturecomp.com accessed the earn points page at 2024-12-20 18:58:01.802135
2024-12-20 18:58:01,833 - INFO - User tylerw@thefuturecomp.com successfully earned points for code WINDOW-FRONT at 2024-12-20 18:58:01.833325
2024-12-20 19:13:35,985 - INFO - User attempted to register at 2024-12-20 19:13:35.985527
2024-12-20 19:14:45,781 - INFO - User viewed the terms and conditions at 2024-12-20 19:14:45.781589
2024-12-20 19:15:03,994 - INFO - User viewed the terms and conditions at 2024-12-20 19:15:03.994254
2024-12-20 19:17:00,834 - INFO - User attempted to register at 2024-12-20 19:17:00.834060
2024-12-20 19:26:52,853 - INFO - User tylerw@thefuturecomp.com logged out at 2024-12-20 19:26:52.853559
2024-12-20 19:26:54,106 - INFO - User tylerw@thefuturecomp.com logged out at 2024-12-20 19:26:54.106845
2024-12-20 19:27:22,042 - INFO - User <User ADMIN> attempted to log in at 2024-12-20 19:27:22.042493
2024-12-20 19:27:22,042 - DEBUG - Retrieved hash: $2b$12$Y0Q5Jf8cY3a1GgXCE2emQejD1tOr1BBRfYQ7i.RQDS2Depfj3LEru
2024-12-20 19:27:22,042 - DEBUG - Entered password: Whit123+
2024-12-20 19:27:22,043 - DEBUG - Hash type: <class 'str'>
2024-12-20 19:27:22,332 - DEBUG - Calculated Hash: $2b$12$g8tSlUUV4/xgZQ/DpFNkR.mqWXKn6hN1/xQX21IlKt8LzGWYRGSN6
2024-12-20 19:27:22,620 - DEBUG - Password match: True
2024-12-20 19:27:22,621 - INFO - User tylerw@thefuturecomp.com logged in at 2024-12-20 19:27:22.621164
2024-12-20 19:27:28,577 - INFO - User tylerw@thefuturecomp.com accessed the earn points page at 2024-12-20 19:27:28.577556
2024-12-20 19:28:06,866 - INFO - User tylerw@thefuturecomp.com accessed the earn points page at 2024-12-20 19:28:06.866796
2024-12-20 19:28:06,895 - INFO - User tylerw@thefuturecomp.com successfully earned points for code WINDOW-FRONT at 2024-12-20 19:28:06.895210
2024-12-20 19:28:26,414 - INFO - User tylerw@thefuturecomp.com accessed the redeem points page at 2024-12-20 19:28:26.414348
2024-12-20 19:28:32,388 - INFO - User tylerw@thefuturecomp.com accessed the redeem points page at 2024-12-20 19:28:32.388248
2024-12-20 19:28:32,389 - INFO - User tylerw@thefuturecomp.com attempted to redeem 500 points at 2024-12-20 19:28:32.389190
2024-12-20 19:28:32,389 - WARNING - User tylerw@thefuturecomp.com attempted to redeem more points than they have at 2024-12-20 19:28:32.389608
2024-12-20 19:28:32,499 - INFO - User tylerw@thefuturecomp.com accessed the redeem points page at 2024-12-20 19:28:32.499748
2024-12-20 19:28:38,034 - INFO - User tylerw@thefuturecomp.com accessed the admin dashboard at 2024-12-20 19:28:38.034216
2024-12-20 19:28:41,759 - INFO - User tylerw@thefuturecomp.com accessed the receipt review page at 2024-12-20 19:28:41.759779
2024-12-20 19:28:47,147 - INFO - User tylerw@thefuturecomp.com accessed the receipt review page at 2024-12-20 19:28:47.147377
2024-12-20 19:28:48,793 - INFO - User tylerw@thefuturecomp.com accessed the receipt review page at 2024-12-20 19:28:48.793814
2024-12-20 19:29:02,402 - INFO - User tylerw@thefuturecomp.com accessed the receipt review page at 2024-12-20 19:29:02.402705
2024-12-20 19:29:09,632 - INFO - User tylerw@thefuturecomp.com accessed the receipt review page at 2024-12-20 19:29:09.632404
2024-12-20 19:29:11,365 - INFO - User tylerw@thefuturecomp.com accessed the receipt review page at 2024-12-20 19:29:11.365882
2024-12-20 19:32:12,553 - INFO - User <User ADMIN> attempted to log in at 2024-12-20 19:32:12.553578
2024-12-20 19:32:12,553 - DEBUG - Retrieved hash: $2b$12$Y0Q5Jf8cY3a1GgXCE2emQejD1tOr1BBRfYQ7i.RQDS2Depfj3LEru
2024-12-20 19:32:12,554 - DEBUG - Entered password: Whit123+
2024-12-20 19:32:12,554 - DEBUG - Hash type: <class 'str'>
2024-12-20 19:32:12,849 - DEBUG - Calculated Hash: $2b$12$W5xBgrVYAkam998o1V0gjO3M38htGGfDhdHiXThZ1nqLm6626lfxm
2024-12-20 19:32:13,145 - DEBUG - Password match: True
2024-12-20 19:32:13,146 - INFO - User tylerw@thefuturecomp.com logged in at 2024-12-20 19:32:13.145996
2024-12-20 19:32:15,770 - INFO - User tylerw@thefuturecomp.com accessed the admin dashboard at 2024-12-20 19:32:15.770003
2024-12-20 19:32:16,622 - INFO - User tylerw@thefuturecomp.com accessed the receipt review page at 2024-12-20 19:32:16.622269
2024-12-20 20:30:18,812 - INFO - User tylerw@thefuturecomp.com accessed the receipt review page at 2024-12-20 20:30:18.812524
2024-12-20 20:30:18,813 - INFO - User tylerw@thefuturecomp.com attempted to access the receipt review page with no receipts at 2024-12-20 20:30:18.813704
2024-12-20 20:30:18,934 - INFO - User tylerw@thefuturecomp.com accessed the admin dashboard at 2024-12-20 20:30:18.934836
2024-12-20 20:30:23,460 - INFO - User tylerw@thefuturecomp.com accessed the earn points page at 2024-12-20 20:30:23.460589
2024-12-20 20:30:36,172 - INFO - User tylerw@thefuturecomp.com accessed the earn points page at 2024-12-20 20:30:36.172814
2024-12-20 20:30:36,207 - INFO - User tylerw@thefuturecomp.com successfully earned points for code WINDOW-FRONT at 2024-12-20 20:30:36.207392
2024-12-20 20:30:40,391 - INFO - User tylerw@thefuturecomp.com accessed the admin dashboard at 2024-12-20 20:30:40.391245
2024-12-20 20:30:41,604 - INFO - User tylerw@thefuturecomp.com accessed the receipt review page at 2024-12-20 20:30:41.604502
2024-12-20 20:30:43,325 - INFO - User tylerw@thefuturecomp.com accessed the receipt review page at 2024-12-20 20:30:43.325186
2024-12-20 20:30:44,850 - INFO - User tylerw@thefuturecomp.com accessed the receipt review page at 2024-12-20 20:30:44.850666
2024-12-20 20:32:47,620 - INFO - App started at 2024-12-20 20:32:47.620270
2024-12-20 20:32:47,763 - INFO - Blueprints registered
2024-12-20 20:39:30,864 - INFO - App started at 2024-12-20 20:39:30.864774
2024-12-20 20:39:31,027 - INFO - Blueprints registered
2024-12-20 20:40:25,171 - INFO - User <User ADMIN> attempted to log in at 2024-12-20 20:40:25.171232
2024-12-20 20:40:25,171 - DEBUG - Retrieved hash: $2b$12$Y0Q5Jf8cY3a1GgXCE2emQejD1tOr1BBRfYQ7i.RQDS2Depfj3LEru
2024-12-20 20:40:25,172 - DEBUG - Entered password: Whit123+
2024-12-20 20:40:25,172 - DEBUG - Hash type: <class 'str'>
2024-12-20 20:40:25,487 - DEBUG - Calculated Hash: $2b$12$hTCLPc1BPOtjl3xFN6zrl.2sDHvwlAVBQ5hfaDOEMZ1pNWX5Algym
2024-12-20 20:40:25,800 - DEBUG - Password match: True
2024-12-20 20:40:25,800 - INFO - User tylerw@thefuturecomp.com logged in at 2024-12-20 20:40:25.800796
2024-12-20 20:40:28,548 - INFO - User tylerw@thefuturecomp.com accessed the admin dashboard at 2024-12-20 20:40:28.547948
2024-12-20 20:40:29,482 - INFO - User tylerw@thefuturecomp.com accessed the receipt review page at 2024-12-20 20:40:29.482363
2024-12-20 20:40:37,004 - INFO - User tylerw@thefuturecomp.com accessed the receipt review page at 2024-12-20 20:40:37.004790
2024-12-20 20:40:37,022 - INFO - User tylerw@thefuturecomp.com approved receipt 6 at 2024-12-20 20:40:37.021957
2024-12-20 20:40:37,099 - INFO - User tylerw@thefuturecomp.com accessed the receipt review page at 2024-12-20 20:40:37.099122
2024-12-20 20:40:37,099 - INFO - User tylerw@thefuturecomp.com attempted to access the receipt review page with no receipts at 2024-12-20 20:40:37.099493
2024-12-20 20:40:37,174 - INFO - User tylerw@thefuturecomp.com accessed the admin dashboard at 2024-12-20 20:40:37.174074
2024-12-20 20:41:45,281 - INFO - User tylerw@thefuturecomp.com accessed the receipt review page at 2024-12-20 20:41:45.281187
2024-12-20 20:41:45,281 - INFO - User tylerw@thefuturecomp.com attempted to access the receipt review page with no receipts at 2024-12-20 20:41:45.281800
2024-12-20 20:41:45,393 - INFO - User tylerw@thefuturecomp.com accessed the admin dashboard at 2024-12-20 20:41:45.393619
2024-12-20 20:41:52,945 - INFO - User tylerw@thefuturecomp.com accessed the transactions page for tylerw@thefuturecomp.com at 2024-12-20 20:41:52.945127
2024-12-20 20:41:58,879 - INFO - User tylerw@thefuturecomp.com accessed the admin dashboard at 2024-12-20 20:41:58.879738
2024-12-20 20:42:00,258 - INFO - User tylerw@thefuturecomp.com accessed the edit user page for user 4 at 2024-12-20 20:42:00.258904
2024-12-20 21:03:31,261 - INFO - User tylerw@thefuturecomp.com logged out at 2024-12-20 21:03:31.261651
2024-12-20 21:03:32,633 - INFO - User tylerw@thefuturecomp.com logged out at 2024-12-20 21:03:32.633582
2024-12-20 21:03:41,728 - INFO - User <User ADMIN> attempted to log in at 2024-12-20 21:03:41.728333
2024-12-20 21:03:41,729 - DEBUG - Retrieved hash: $2b$12$Y0Q5Jf8cY3a1GgXCE2emQejD1tOr1BBRfYQ7i.RQDS2Depfj3LEru
2024-12-20 21:03:41,729 - DEBUG - Entered password: Whit123+
2024-12-20 21:03:41,730 - DEBUG - Hash type: <class 'str'>
2024-12-20 21:03:42,021 - DEBUG - Calculated Hash: $2b$12$xUPhVSnQGeKACJfX02w/f.q6F6iWb3i8tDNUXb4bP0McorsqyfOoi
2024-12-20 21:03:42,310 - DEBUG - Password match: True
2024-12-20 21:03:42,311 - INFO - User tylerw@thefuturecomp.com logged in at 2024-12-20 21:03:42.311382
2024-12-20 21:03:50,851 - INFO - User tylerw@thefuturecomp.com accessed the admin dashboard at 2024-12-20 21:03:50.851941
2024-12-20 21:03:53,653 - INFO - User tylerw@thefuturecomp.com accessed the transactions page for tylerw@thefuturecomp.com at 2024-12-20 21:03:53.653022
2024-12-20 21:09:47,632 - INFO - App started at 2024-12-20 21:09:47.632395
2024-12-20 21:09:47,772 - INFO - Blueprints registered
2024-12-20 21:09:48,233 - INFO - User tylerw@thefuturecomp.com accessed the transactions page for tylerw@thefuturecomp.com at 2024-12-20 21:09:48.232958
2024-12-20 21:09:51,363 - INFO - User tylerw@thefuturecomp.com accessed the edit transaction page for transaction 3 at 2024-12-20 21:09:51.363364
2024-12-20 21:09:56,477 - INFO - User tylerw@thefuturecomp.com accessed the edit transaction page for transaction 3 at 2024-12-20 21:09:56.477648
2024-12-20 21:09:58,567 - INFO - User tylerw@thefuturecomp.com accessed the edit transaction page for transaction 3 at 2024-12-20 21:09:58.567524
2024-12-20 21:09:59,540 - INFO - User tylerw@thefuturecomp.com accessed the edit transaction page for transaction 3 at 2024-12-20 21:09:59.540118
2024-12-20 21:10:00,171 - INFO - User tylerw@thefuturecomp.com accessed the edit transaction page for transaction 3 at 2024-12-20 21:10:00.171845
2024-12-20 21:10:00,499 - INFO - User tylerw@thefuturecomp.com accessed the edit transaction page for transaction 3 at 2024-12-20 21:10:00.499420
2024-12-20 21:10:00,944 - INFO - User tylerw@thefuturecomp.com accessed the edit transaction page for transaction 3 at 2024-12-20 21:10:00.944340
2024-12-20 21:10:01,594 - INFO - User tylerw@thefuturecomp.com accessed the edit transaction page for transaction 3 at 2024-12-20 21:10:01.594643
2024-12-20 21:10:24,626 - INFO - User tylerw@thefuturecomp.com accessed the edit transaction page for transaction 3 at 2024-12-20 21:10:24.626822
2024-12-20 21:11:25,192 - INFO - App started at 2024-12-20 21:11:25.192425
2024-12-20 21:11:25,344 - INFO - Blueprints registered
2024-12-20 21:11:26,984 - INFO - User tylerw@thefuturecomp.com accessed the edit transaction page for transaction 3 at 2024-12-20 21:11:26.984682
2024-12-20 21:11:29,266 - INFO - User tylerw@thefuturecomp.com accessed the edit transaction page for transaction 3 at 2024-12-20 21:11:29.266464
2024-12-20 21:11:30,256 - INFO - User tylerw@thefuturecomp.com accessed the edit transaction page for transaction 3 at 2024-12-20 21:11:30.256517
2024-12-20 21:11:37,131 - INFO - User tylerw@thefuturecomp.com accessed the admin dashboard at 2024-12-20 21:11:37.131287
2024-12-20 21:11:38,453 - INFO - User tylerw@thefuturecomp.com accessed the transactions page for tylerw@thefuturecomp.com at 2024-12-20 21:11:38.453134
2024-12-20 21:11:41,394 - INFO - User tylerw@thefuturecomp.com accessed the edit transaction page for transaction 3 at 2024-12-20 21:11:41.394850
2024-12-20 21:11:44,605 - INFO - User tylerw@thefuturecomp.com accessed the edit transaction page for transaction 3 at 2024-12-20 21:11:44.605459
2024-12-20 21:11:46,066 - INFO - User tylerw@thefuturecomp.com accessed the edit transaction page for transaction 3 at 2024-12-20 21:11:46.066348
2024-12-20 21:11:53,791 - INFO - User tylerw@thefuturecomp.com accessed the edit transaction page for transaction 3 at 2024-12-20 21:11:53.791963
2024-12-20 21:11:55,471 - INFO - User tylerw@thefuturecomp.com attempted to delete transaction 3 at 2024-12-20 21:11:55.471322
2024-12-20 21:18:52,435 - INFO - App started at 2024-12-20 21:18:52.435317
2024-12-20 21:18:52,569 - INFO - Blueprints registered
2024-12-20 21:18:57,835 - INFO - User tylerw@thefuturecomp.com accessed the transactions page for tylerw@thefuturecomp.com at 2024-12-20 21:18:57.835009
2024-12-20 21:18:59,466 - INFO - User tylerw@thefuturecomp.com accessed the edit transaction page for transaction 3 at 2024-12-20 21:18:59.466678
2024-12-20 21:19:02,516 - INFO - User tylerw@thefuturecomp.com accessed the edit transaction page for transaction 3 at 2024-12-20 21:19:02.516855
2024-12-20 21:19:03,594 - INFO - User tylerw@thefuturecomp.com accessed the edit transaction page for transaction 3 at 2024-12-20 21:19:03.594911
2024-12-20 21:19:04,359 - INFO - User tylerw@thefuturecomp.com accessed the edit transaction page for transaction 3 at 2024-12-20 21:19:04.359204
2024-12-20 21:19:05,109 - INFO - User tylerw@thefuturecomp.com accessed the edit transaction page for transaction 3 at 2024-12-20 21:19:05.109913
2024-12-20 21:21:59,473 - INFO - App started at 2024-12-20 21:21:59.473257
2024-12-20 21:21:59,615 - INFO - Blueprints registered
2024-12-20 21:22:01,716 - INFO - User tylerw@thefuturecomp.com accessed the edit transaction page for transaction 3 at 2024-12-20 21:22:01.716915
2024-12-20 21:22:04,480 - INFO - User tylerw@thefuturecomp.com accessed the admin dashboard at 2024-12-20 21:22:04.480553
2024-12-20 21:22:05,592 - INFO - User tylerw@thefuturecomp.com accessed the transactions page for tylerw@thefuturecomp.com at 2024-12-20 21:22:05.592121
2024-12-20 21:22:07,042 - INFO - User tylerw@thefuturecomp.com accessed the edit transaction page for transaction 3 at 2024-12-20 21:22:07.042787
2024-12-20 21:22:09,424 - INFO - User tylerw@thefuturecomp.com accessed the edit transaction page for transaction 3 at 2024-12-20 21:22:09.424070
2024-12-20 21:22:11,855 - INFO - User tylerw@thefuturecomp.com accessed the edit transaction page for transaction 3 at 2024-12-20 21:22:11.855887
2024-12-20 21:22:12,744 - INFO - User tylerw@thefuturecomp.com accessed the edit transaction page for transaction 3 at 2024-12-20 21:22:12.744637
2024-12-20 21:22:38,644 - INFO - User tylerw@thefuturecomp.com accessed the edit transaction page for transaction 3 at 2024-12-20 21:22:38.644445
2024-12-20 21:22:42,287 - INFO - User tylerw@thefuturecomp.com accessed the admin dashboard at 2024-12-20 21:22:42.287397
2024-12-20 21:22:43,506 - INFO - User tylerw@thefuturecomp.com accessed the transactions page for tylerw@thefuturecomp.com at 2024-12-20 21:22:43.506131
2024-12-20 21:22:45,963 - INFO - User tylerw@thefuturecomp.com accessed the edit transaction page for transaction 3 at 2024-12-20 21:22:45.963260
2024-12-20 21:25:29,425 - INFO - App started at 2024-12-20 21:25:29.425126
2024-12-20 21:25:29,562 - INFO - Blueprints registered
2024-12-20 21:26:07,427 - INFO - User tylerw@thefuturecomp.com accessed the edit transaction page for transaction 3 at 2024-12-20 21:26:07.427204
2024-12-20 21:26:10,784 - INFO - User tylerw@thefuturecomp.com accessed the edit transaction page for transaction 3 at 2024-12-20 21:26:10.784919
2024-12-20 21:26:12,447 - INFO - User tylerw@thefuturecomp.com accessed the edit transaction page for transaction 3 at 2024-12-20 21:26:12.447733
2024-12-20 21:32:53,299 - INFO - App started at 2024-12-20 21:32:53.299731
2024-12-20 21:32:53,440 - INFO - Blueprints registered
2024-12-20 22:23:17,366 - INFO - User tylerw@thefuturecomp.com logged out at 2024-12-20 22:23:17.366246
2024-12-20 22:23:18,607 - INFO - User tylerw@thefuturecomp.com logged out at 2024-12-20 22:23:18.607077
2024-12-20 22:23:24,242 - INFO - User <User ADMIN> attempted to log in at 2024-12-20 22:23:24.242309
2024-12-20 22:23:24,243 - DEBUG - Retrieved hash: $2b$12$Y0Q5Jf8cY3a1GgXCE2emQejD1tOr1BBRfYQ7i.RQDS2Depfj3LEru
2024-12-20 22:23:24,243 - DEBUG - Entered password: Whit123+
2024-12-20 22:23:24,243 - DEBUG - Hash type: <class 'str'>
2024-12-20 22:23:24,582 - DEBUG - Calculated Hash: $2b$12$r7RxwyhGicoDsHxOT1n65.FW2wOxpzivWl0BNKmuJTYpkStzzjmL2
2024-12-20 22:23:24,930 - DEBUG - Password match: True
2024-12-20 22:23:24,931 - INFO - User tylerw@thefuturecomp.com logged in at 2024-12-20 22:23:24.931303
2024-12-20 22:23:25,070 - INFO - User <User ADMIN> attempted to log in at 2024-12-20 22:23:25.070553
2024-12-20 22:23:25,070 - DEBUG - Retrieved hash: $2b$12$Y0Q5Jf8cY3a1GgXCE2emQejD1tOr1BBRfYQ7i.RQDS2Depfj3LEru
2024-12-20 22:23:25,071 - DEBUG - Entered password: Whit123+
2024-12-20 22:23:25,071 - DEBUG - Hash type: <class 'str'>
2024-12-20 22:23:25,408 - DEBUG - Calculated Hash: $2b$12$c.F2Udiqw/l13L2D0Ejx6ebJJGMezkRMv7Os14y92l9FWB/DXRIyu
2024-12-20 22:23:25,735 - DEBUG - Password match: True
2024-12-20 22:23:25,736 - INFO - User tylerw@thefuturecomp.com logged in at 2024-12-20 22:23:25.736666
2024-12-20 22:23:28,995 - INFO - User tylerw@thefuturecomp.com accessed the earn points page at 2024-12-20 22:23:28.995105
2024-12-20 22:23:44,749 - INFO - User tylerw@thefuturecomp.com accessed the earn points page at 2024-12-20 22:23:44.749571
2024-12-20 22:23:44,792 - INFO - User tylerw@thefuturecomp.com successfully earned points for code WINDOW-FRONT at 2024-12-20 22:23:44.792427
2024-12-20 22:23:51,857 - INFO - User tylerw@thefuturecomp.com accessed the redeem points page at 2024-12-20 22:23:51.857882
2024-12-20 22:23:58,205 - INFO - User tylerw@thefuturecomp.com accessed the redeem points page at 2024-12-20 22:23:58.205608
2024-12-20 22:23:58,206 - INFO - User tylerw@thefuturecomp.com attempted to redeem 500 points at 2024-12-20 22:23:58.206146
2024-12-20 22:23:58,206 - WARNING - User tylerw@thefuturecomp.com attempted to redeem more points than they have at 2024-12-20 22:23:58.206318
2024-12-20 22:23:58,355 - INFO - User tylerw@thefuturecomp.com accessed the redeem points page at 2024-12-20 22:23:58.355114
2024-12-20 22:24:16,922 - INFO - User tylerw@thefuturecomp.com accessed the admin dashboard at 2024-12-20 22:24:16.922474
2024-12-20 22:24:18,857 - INFO - User tylerw@thefuturecomp.com accessed the receipt review page at 2024-12-20 22:24:18.857926
2024-12-20 22:24:31,250 - INFO - User tylerw@thefuturecomp.com accessed the receipt review page at 2024-12-20 22:24:31.250929
2024-12-20 22:24:31,267 - INFO - User tylerw@thefuturecomp.com denied receipt 7 at 2024-12-20 22:24:31.267907
2024-12-20 22:24:31,391 - INFO - User tylerw@thefuturecomp.com accessed the receipt review page at 2024-12-20 22:24:31.391282
2024-12-20 22:24:31,391 - INFO - User tylerw@thefuturecomp.com attempted to access the receipt review page with no receipts at 2024-12-20 22:24:31.391620
2024-12-20 22:24:31,513 - INFO - User tylerw@thefuturecomp.com accessed the admin dashboard at 2024-12-20 22:24:31.513353
2024-12-20 22:24:35,276 - INFO - User tylerw@thefuturecomp.com logged out at 2024-12-20 22:24:35.275994
2024-12-21 00:38:37,303 - INFO - User attempted to register at 2024-12-21 00:38:37.302883
2024-12-21 00:59:04,009 - INFO - User viewed the terms and conditions at 2024-12-21 00:59:04.009589
2024-12-21 01:10:05,315 - INFO - User requested a password reset at 2024-12-21 01:10:05.314916
2024-12-21 02:32:56,085 - INFO - User attempted to register at 2024-12-21 02:32:56.084975
2024-12-21 02:51:01,080 - INFO - User viewed the terms and conditions at 2024-12-21 02:51:01.080849
2024-12-21 02:59:27,594 - INFO - User requested a password reset at 2024-12-21 02:59:27.593883
2024-12-21 13:20:54,325 - INFO - User requested a password reset at 2024-12-21 13:20:54.325615
2024-12-21 16:16:46,860 - INFO - User attempted to register at 2024-12-21 16:16:46.860385
2024-12-21 19:55:24,987 - INFO - User attempted to register at 2024-12-21 19:55:24.987680
2024-12-21 19:55:26,358 - INFO - User requested a password reset at 2024-12-21 19:55:26.358028
2024-12-21 19:55:29,778 - INFO - User viewed the terms and conditions at 2024-12-21 19:55:29.778938
2024-12-22 00:10:57,161 - INFO - User attempted to register at 2024-12-22 00:10:57.161428
2024-12-22 00:10:59,292 - INFO - User requested a password reset at 2024-12-22 00:10:59.292631
2024-12-22 00:11:02,405 - INFO - User viewed the terms and conditions at 2024-12-22 00:11:02.405891
2024-12-22 04:02:29,230 - INFO - User attempted to register at 2024-12-22 04:02:29.230135
2024-12-22 04:02:44,979 - INFO - User <User ADMIN> attempted to log in at 2024-12-22 04:02:44.979033
2024-12-22 04:02:44,979 - DEBUG - Retrieved hash: $2b$12$Y0Q5Jf8cY3a1GgXCE2emQejD1tOr1BBRfYQ7i.RQDS2Depfj3LEru
2024-12-22 04:02:44,979 - DEBUG - Entered password: Whit123+
2024-12-22 04:02:44,979 - DEBUG - Hash type: <class 'str'>
2024-12-22 04:02:45,322 - DEBUG - Calculated Hash: $2b$12$WCd27yLt/iZ0Xc3hz3jnC.XHJJWlheG6bmBW9xMjVVLlxvi17qVUy
2024-12-22 04:02:45,666 - DEBUG - Password match: True
2024-12-22 04:02:45,667 - INFO - User tylerw@thefuturecomp.com logged in at 2024-12-22 04:02:45.667014
2024-12-22 04:02:45,689 - INFO - User <User ADMIN> attempted to log in at 2024-12-22 04:02:45.689031
2024-12-22 04:02:45,689 - DEBUG - Retrieved hash: $2b$12$Y0Q5Jf8cY3a1GgXCE2emQejD1tOr1BBRfYQ7i.RQDS2Depfj3LEru
2024-12-22 04:02:45,689 - DEBUG - Entered password: Whit123+
2024-12-22 04:02:45,690 - DEBUG - Hash type: <class 'str'>
2024-12-22 04:02:46,027 - DEBUG - Calculated Hash: $2b$12$ETbRtbEBS7Vrrpmq4DDiVefQ5s.AW6XHtADZ8HnlCiHaNOnFE9VHi
2024-12-22 04:02:46,363 - DEBUG - Password match: True
2024-12-22 04:02:46,364 - INFO - User tylerw@thefuturecomp.com logged in at 2024-12-22 04:02:46.364621
2024-12-22 04:03:08,218 - INFO - User tylerw@thefuturecomp.com logged out at 2024-12-22 04:03:08.218662
2024-12-22 04:03:09,473 - INFO - User tylerw@thefuturecomp.com logged out at 2024-12-22 04:03:09.473647
2024-12-22 04:35:32,917 - INFO - User <User ADMIN> attempted to log in at 2024-12-22 04:35:32.917241
2024-12-22 04:35:32,918 - DEBUG - Retrieved hash: $2b$12$Y0Q5Jf8cY3a1GgXCE2emQejD1tOr1BBRfYQ7i.RQDS2Depfj3LEru
2024-12-22 04:35:32,918 - DEBUG - Entered password: Whit123+
2024-12-22 04:35:32,918 - DEBUG - Hash type: <class 'str'>
2024-12-22 04:35:33,293 - DEBUG - Calculated Hash: $2b$12$.kFBIzed/DT567IHNX4STOyyBpV9iB3Iu4oBekcKjUT57ipCNbAlW
2024-12-22 04:35:33,463 - INFO - User <User ADMIN> attempted to log in at 2024-12-22 04:35:33.463194
2024-12-22 04:35:33,465 - DEBUG - Retrieved hash: $2b$12$Y0Q5Jf8cY3a1GgXCE2emQejD1tOr1BBRfYQ7i.RQDS2Depfj3LEru
2024-12-22 04:35:33,466 - DEBUG - Entered password: Whit123+
2024-12-22 04:35:33,466 - DEBUG - Hash type: <class 'str'>
2024-12-22 04:35:33,949 - DEBUG - Password match: True
2024-12-22 04:35:33,950 - INFO - User tylerw@thefuturecomp.com logged in at 2024-12-22 04:35:33.950060
2024-12-22 04:35:34,076 - DEBUG - Calculated Hash: $2b$12$BNH1YF..SPATDBZHoCm0uuyz/JaUpNRavBz6kzodYMnpppLt74fHi
2024-12-22 04:35:34,422 - DEBUG - Password match: True
2024-12-22 04:35:34,423 - INFO - User tylerw@thefuturecomp.com logged in at 2024-12-22 04:35:34.422990
2024-12-22 04:35:40,913 - INFO - User tylerw@thefuturecomp.com logged out at 2024-12-22 04:35:40.913443
2024-12-22 04:35:42,615 - INFO - User tylerw@thefuturecomp.com logged out at 2024-12-22 04:35:42.615470
2024-12-22 04:36:59,078 - INFO - User viewed the terms and conditions at 2024-12-22 04:36:59.078696
2024-12-22 07:26:49,254 - INFO - User attempted to register at 2024-12-22 07:26:49.254402
2024-12-22 07:26:50,508 - INFO - User requested a password reset at 2024-12-22 07:26:50.508791
2024-12-22 07:26:52,046 - INFO - User viewed the terms and conditions at 2024-12-22 07:26:52.046035
2024-12-22 09:56:25,355 - INFO - User attempted to register at 2024-12-22 09:56:25.355652
2024-12-22 09:56:31,954 - INFO - User requested a password reset at 2024-12-22 09:56:31.954374
2024-12-22 09:56:36,070 - INFO - User viewed the terms and conditions at 2024-12-22 09:56:36.070461
2024-12-22 21:12:42,506 - INFO - User <User ADMIN> attempted to log in at 2024-12-22 21:12:42.506733
2024-12-22 21:12:42,508 - DEBUG - Retrieved hash: $2b$12$Y0Q5Jf8cY3a1GgXCE2emQejD1tOr1BBRfYQ7i.RQDS2Depfj3LEru
2024-12-22 21:12:42,508 - DEBUG - Entered password: Whit123+
2024-12-22 21:12:42,508 - DEBUG - Hash type: <class 'str'>
2024-12-22 21:12:42,797 - DEBUG - Calculated Hash: $2b$12$2pJDHczPh.3VYlIYV.6M2.LLZobD7OW1KYX7OTpXmqYCqZJYqpl8a
2024-12-22 21:12:43,086 - DEBUG - Password match: True
2024-12-22 21:12:43,086 - INFO - User tylerw@thefuturecomp.com logged in at 2024-12-22 21:12:43.086716
2024-12-22 21:12:43,163 - INFO - User <User ADMIN> attempted to log in at 2024-12-22 21:12:43.163690
2024-12-22 21:12:43,164 - DEBUG - Retrieved hash: $2b$12$Y0Q5Jf8cY3a1GgXCE2emQejD1tOr1BBRfYQ7i.RQDS2Depfj3LEru
2024-12-22 21:12:43,164 - DEBUG - Entered password: Whit123+
2024-12-22 21:12:43,164 - DEBUG - Hash type: <class 'str'>
2024-12-22 21:12:43,478 - DEBUG - Calculated Hash: $2b$12$kSU2/gb7oY1XuEvOc4pZsuxCoitTeGPhzDZ6NelCNJD1ufwoz6ez2
2024-12-22 21:12:43,777 - DEBUG - Password match: True
2024-12-22 21:12:43,778 - INFO - User tylerw@thefuturecomp.com logged in at 2024-12-22 21:12:43.778083
2024-12-22 21:12:53,902 - INFO - User viewed their profile at 2024-12-22 21:12:53.902222
2024-12-22 21:12:56,886 - INFO - User tylerw@thefuturecomp.com accessed the admin dashboard at 2024-12-22 21:12:56.886194
2024-12-22 21:13:03,629 - INFO - User tylerw@thefuturecomp.com logged out at 2024-12-22 21:13:03.629213
2024-12-22 21:13:04,829 - INFO - User tylerw@thefuturecomp.com logged out at 2024-12-22 21:13:04.829324
2024-12-22 21:13:28,096 - INFO - User <User ADMIN> attempted to log in at 2024-12-22 21:13:28.096931
2024-12-22 21:13:28,097 - DEBUG - Retrieved hash: $2b$12$Y0Q5Jf8cY3a1GgXCE2emQejD1tOr1BBRfYQ7i.RQDS2Depfj3LEru
2024-12-22 21:13:28,097 - DEBUG - Entered password: Whit123+
2024-12-22 21:13:28,097 - DEBUG - Hash type: <class 'str'>
2024-12-22 21:13:28,385 - DEBUG - Calculated Hash: $2b$12$mbN/wPNx0oH.WxtH9TBkvOt7O4eY3uwj1aQ7reFcUcfbitaX9xD9i
2024-12-22 21:13:28,670 - DEBUG - Password match: True
2024-12-22 21:13:28,671 - INFO - User tylerw@thefuturecomp.com logged in at 2024-12-22 21:13:28.671593
2024-12-22 21:13:28,815 - INFO - User <User ADMIN> attempted to log in at 2024-12-22 21:13:28.815062
2024-12-22 21:13:28,815 - DEBUG - Retrieved hash: $2b$12$Y0Q5Jf8cY3a1GgXCE2emQejD1tOr1BBRfYQ7i.RQDS2Depfj3LEru
2024-12-22 21:13:28,815 - DEBUG - Entered password: Whit123+
2024-12-22 21:13:28,815 - DEBUG - Hash type: <class 'str'>
2024-12-22 21:13:29,107 - DEBUG - Calculated Hash: $2b$12$0UnIKmWBuV1srlK8BM7mE.VJR8UBRGV5jHTMbWzewJAhUg3nRyYdW
2024-12-22 21:13:29,392 - DEBUG - Password match: True
2024-12-22 21:13:29,392 - INFO - User tylerw@thefuturecomp.com logged in at 2024-12-22 21:13:29.392885
2024-12-22 22:32:11,132 - INFO - User attempted to register at 2024-12-22 22:32:11.131943
2024-12-22 23:59:27,364 - INFO - User viewed the terms and conditions at 2024-12-22 23:59:27.364718
2024-12-23 01:24:12,474 - INFO - User requested a password reset at 2024-12-23 01:24:12.473860
2024-12-23 07:51:27,772 - INFO - User requested a password reset at 2024-12-23 07:51:27.771632
2024-12-23 09:21:27,702 - INFO - User attempted to register at 2024-12-23 09:21:27.702310
2024-12-23 16:33:51,309 - INFO - User attempted to register at 2024-12-23 16:33:51.309526
2024-12-23 16:36:29,660 - INFO - User attempted to register at 2024-12-23 16:36:29.659983
2024-12-23 16:36:29,687 - INFO - User customerservice@supercompusa.com successfully registered at 2024-12-23 16:36:29.687868
2024-12-23 16:36:29,995 - INFO - User customerservice@supercompusa.com successfully registered at 2024-12-23 16:36:29.995817
2024-12-23 16:36:40,800 - INFO - User <User Admin CS> attempted to log in at 2024-12-23 16:36:40.800469
2024-12-23 16:36:40,801 - DEBUG - Retrieved hash: $2b$12$OUlQKWTf9A7J3lMWURas9OnSkiElmv6bHcb7J4n1A0.hPGcVQYY3C
2024-12-23 16:36:40,801 - DEBUG - Entered password: !Tfc@84634#1
2024-12-23 16:36:40,801 - DEBUG - Hash type: <class 'str'>
2024-12-23 16:36:41,145 - DEBUG - Calculated Hash: $2b$12$K/MqGP91SsZHnc.3r7KzK.UjtUAVcpKVGi4f5i8XlhGTkEid7hmvO
2024-12-23 16:36:41,483 - DEBUG - Password match: True
2024-12-23 16:36:41,484 - INFO - User customerservice@supercompusa.com logged in at 2024-12-23 16:36:41.484395
2024-12-23 16:38:03,174 - INFO - User customerservice@supercompusa.com accessed the admin dashboard at 2024-12-23 16:38:03.174387
2024-12-23 18:08:58,945 - INFO - User attempted to register at 2024-12-23 18:08:58.945223
2024-12-23 20:15:01,250 - INFO - User requested a password reset at 2024-12-23 20:15:01.250494
2024-12-23 20:19:38,964 - INFO - User attempted to register at 2024-12-23 20:19:38.964780
2024-12-23 20:26:43,140 - INFO - User attempted to register at 2024-12-23 20:26:43.140408
2024-12-23 20:28:04,381 - INFO - User viewed the terms and conditions at 2024-12-23 20:28:04.381076
2024-12-23 20:45:26,161 - INFO - User attempted to register at 2024-12-23 20:45:26.161797
2024-12-23 20:45:54,856 - INFO - User viewed the terms and conditions at 2024-12-23 20:45:54.856912
2024-12-23 20:54:31,381 - INFO - User requested a password reset at 2024-12-23 20:54:31.381278
2024-12-23 21:09:11,198 - INFO - User viewed the terms and conditions at 2024-12-23 21:09:11.198614
2024-12-24 15:48:03,114 - INFO - User attempted to register at 2024-12-24 15:48:03.114500
2024-12-25 01:30:09,139 - INFO - User <User ADMIN> attempted to log in at 2024-12-25 01:30:09.139052
2024-12-25 01:30:09,139 - DEBUG - Retrieved hash: $2b$12$Y0Q5Jf8cY3a1GgXCE2emQejD1tOr1BBRfYQ7i.RQDS2Depfj3LEru
2024-12-25 01:30:09,140 - DEBUG - Entered password: Whit123+
2024-12-25 01:30:09,140 - DEBUG - Hash type: <class 'str'>
2024-12-25 01:30:09,425 - DEBUG - Calculated Hash: $2b$12$ok6tWxnTysuCVMhwL22XU.MLyec37v1d0cdemYv13JgqX0AnwNDkK
2024-12-25 01:30:09,711 - DEBUG - Password match: True
2024-12-25 01:30:09,712 - INFO - User tylerw@thefuturecomp.com logged in at 2024-12-25 01:30:09.712521
2024-12-25 01:30:10,110 - INFO - User <User ADMIN> attempted to log in at 2024-12-25 01:30:10.110179
2024-12-25 01:30:10,110 - DEBUG - Retrieved hash: $2b$12$Y0Q5Jf8cY3a1GgXCE2emQejD1tOr1BBRfYQ7i.RQDS2Depfj3LEru
2024-12-25 01:30:10,110 - DEBUG - Entered password: Whit123+
2024-12-25 01:30:10,110 - DEBUG - Hash type: <class 'str'>
2024-12-25 01:30:10,397 - DEBUG - Calculated Hash: $2b$12$N34bOPPcSV9mNpegXQOvH.qj6irAhAM.k1hQVPxELu99R.b52dyP6
2024-12-25 01:30:10,682 - DEBUG - Password match: True
2024-12-25 01:30:10,683 - INFO - User tylerw@thefuturecomp.com logged in at 2024-12-25 01:30:10.683224
2024-12-25 01:30:15,444 - INFO - User tylerw@thefuturecomp.com accessed the admin dashboard at 2024-12-25 01:30:15.444733
2024-12-25 01:30:25,883 - INFO - User tylerw@thefuturecomp.com accessed the earn points page at 2024-12-25 01:30:25.883120
2024-12-25 01:31:11,707 - INFO - User tylerw@thefuturecomp.com accessed the earn points page at 2024-12-25 01:31:11.707590
2024-12-25 01:31:11,755 - INFO - User tylerw@thefuturecomp.com successfully earned points for code WINDOW-FRONT at 2024-12-25 01:31:11.755382
2024-12-25 01:31:26,463 - INFO - User tylerw@thefuturecomp.com accessed the admin dashboard at 2024-12-25 01:31:26.462989
2024-12-25 01:31:28,563 - INFO - User tylerw@thefuturecomp.com accessed the receipt review page at 2024-12-25 01:31:28.563319
2024-12-25 01:31:39,290 - INFO - User tylerw@thefuturecomp.com accessed the receipt review page at 2024-12-25 01:31:39.289976
2024-12-25 01:31:39,306 - INFO - User tylerw@thefuturecomp.com denied receipt 8 at 2024-12-25 01:31:39.306328
2024-12-25 01:31:39,417 - INFO - User tylerw@thefuturecomp.com accessed the receipt review page at 2024-12-25 01:31:39.417004
2024-12-25 01:31:39,417 - INFO - User tylerw@thefuturecomp.com attempted to access the receipt review page with no receipts at 2024-12-25 01:31:39.417371
2024-12-25 01:31:39,563 - INFO - User tylerw@thefuturecomp.com accessed the admin dashboard at 2024-12-25 01:31:39.563064
2024-12-25 01:32:34,439 - INFO - User tylerw@thefuturecomp.com accessed the admin dashboard at 2024-12-25 01:32:34.439000
2024-12-25 04:57:36,462 - INFO - User attempted to register at 2024-12-25 04:57:36.461953
2024-12-26 15:40:29,109 - INFO - User attempted to register at 2024-12-26 15:40:29.109728
2024-12-26 15:49:12,633 - INFO - User requested a password reset at 2024-12-26 15:49:12.633515
2024-12-26 16:00:48,155 - INFO - User attempted to register at 2024-12-26 16:00:48.155359
2024-12-26 16:00:57,225 - INFO - User viewed the terms and conditions at 2024-12-26 16:00:57.225895
2024-12-26 16:02:19,647 - INFO - User attempted to register at 2024-12-26 16:02:19.647352
2024-12-26 18:38:06,481 - INFO - User attempted to register at 2024-12-26 18:38:06.481590
2024-12-26 18:53:20,235 - INFO - User viewed the terms and conditions at 2024-12-26 18:53:20.235392
2024-12-26 19:19:23,055 - INFO - User attempted to register at 2024-12-26 19:19:23.055855
2024-12-27 00:45:45,335 - INFO - User requested a password reset at 2024-12-27 00:45:45.335403
2024-12-27 10:31:41,379 - INFO - User attempted to register at 2024-12-27 10:31:41.379510
2024-12-28 17:35:08,524 - INFO - User viewed the terms and conditions at 2024-12-28 17:35:08.523947
2024-12-29 02:39:29,134 - INFO - User attempted to register at 2024-12-29 02:39:29.133920
2024-12-29 02:57:15,679 - INFO - User requested a password reset at 2024-12-29 02:57:15.679619
2024-12-29 15:04:36,638 - INFO - User tylerw@thefuturecomp.com logged out at 2024-12-29 15:04:36.638440
2024-12-29 15:04:37,577 - INFO - User tylerw@thefuturecomp.com logged out at 2024-12-29 15:04:37.577233
2024-12-29 15:04:41,315 - INFO - User <User ADMIN> attempted to log in at 2024-12-29 15:04:41.315938
2024-12-29 15:04:41,316 - DEBUG - Retrieved hash: $2b$12$Y0Q5Jf8cY3a1GgXCE2emQejD1tOr1BBRfYQ7i.RQDS2Depfj3LEru
2024-12-29 15:04:41,316 - DEBUG - Entered password: Whit123+
2024-12-29 15:04:41,316 - DEBUG - Hash type: <class 'str'>
2024-12-29 15:04:41,607 - DEBUG - Calculated Hash: $2b$12$9hezggLxp9mKDBHMlt2u5.UAGgRkxfh3IDkeQHFrU1Svzgg5bArXm
2024-12-29 15:04:41,897 - DEBUG - Password match: True
2024-12-29 15:04:41,897 - INFO - User tylerw@thefuturecomp.com logged in at 2024-12-29 15:04:41.897673
2024-12-29 15:04:42,060 - INFO - User <User ADMIN> attempted to log in at 2024-12-29 15:04:42.060441
2024-12-29 15:04:42,060 - DEBUG - Retrieved hash: $2b$12$Y0Q5Jf8cY3a1GgXCE2emQejD1tOr1BBRfYQ7i.RQDS2Depfj3LEru
2024-12-29 15:04:42,061 - DEBUG - Entered password: Whit123+
2024-12-29 15:04:42,061 - DEBUG - Hash type: <class 'str'>
2024-12-29 15:04:42,346 - DEBUG - Calculated Hash: $2b$12$/la7NFxAAaUvqWA6QT79qOUq8Axmiv3eXzw4mMVttLG4w5ewg.gMK
2024-12-29 15:04:42,631 - DEBUG - Password match: True
2024-12-29 15:04:42,632 - INFO - User tylerw@thefuturecomp.com logged in at 2024-12-29 15:04:42.632089
2024-12-29 17:54:29,731 - INFO - User requested a password reset at 2024-12-29 17:54:29.731234
2024-12-29 18:34:51,697 - INFO - User attempted to register at 2024-12-29 18:34:51.697153
2024-12-29 18:46:42,541 - INFO - User viewed the terms and conditions at 2024-12-29 18:46:42.541570
2024-12-29 19:10:50,858 - INFO - User requested a password reset at 2024-12-29 19:10:50.858698
2024-12-30 14:43:34,500 - INFO - User attempted to register at 2024-12-30 14:43:34.500391
2024-12-30 17:32:17,352 - INFO - User attempted to register at 2024-12-30 17:32:17.352204
2024-12-31 02:06:25,941 - INFO - User <User ADMIN> attempted to log in at 2024-12-31 02:06:25.941264
2024-12-31 02:06:25,942 - DEBUG - Retrieved hash: $2b$12$Y0Q5Jf8cY3a1GgXCE2emQejD1tOr1BBRfYQ7i.RQDS2Depfj3LEru
2024-12-31 02:06:25,942 - DEBUG - Entered password: Whit123+
2024-12-31 02:06:25,942 - DEBUG - Hash type: <class 'str'>
2024-12-31 02:06:26,232 - DEBUG - Calculated Hash: $2b$12$NSPCWhjglzdi0/XiOm3sFut70/CeF492KDI1yItPY9iFxck2jtprW
2024-12-31 02:06:26,516 - DEBUG - Password match: True
2024-12-31 02:06:26,517 - INFO - User tylerw@thefuturecomp.com logged in at 2024-12-31 02:06:26.517482
2024-12-31 02:06:32,394 - INFO - User tylerw@thefuturecomp.com logged out at 2024-12-31 02:06:32.394822
2024-12-31 02:43:56,607 - INFO - User viewed the terms and conditions at 2024-12-31 02:43:56.606935
2024-12-31 03:36:38,996 - INFO - User tylerw@thefuturecomp.com logged out at 2024-12-31 03:36:38.996884
2024-12-31 15:32:46,203 - INFO - User attempted to register at 2024-12-31 15:32:46.202888
2024-12-31 15:47:02,882 - INFO - User requested a password reset at 2024-12-31 15:47:02.882049
2024-12-31 15:52:17,471 - INFO - User viewed the terms and conditions at 2024-12-31 15:52:17.470987
2024-12-31 19:13:01,863 - INFO - User <User ADMIN> attempted to log in at 2024-12-31 19:13:01.863885
2024-12-31 19:13:01,864 - DEBUG - Retrieved hash: $2b$12$Y0Q5Jf8cY3a1GgXCE2emQejD1tOr1BBRfYQ7i.RQDS2Depfj3LEru
2024-12-31 19:13:01,865 - DEBUG - Entered password: Whit123+
2024-12-31 19:13:01,865 - DEBUG - Hash type: <class 'str'>
2024-12-31 19:13:02,227 - DEBUG - Calculated Hash: $2b$12$Dbkqk0qOlNkBrBDav05ZOO5uvzqaHUsc1LqFqoR28Sv4K62noDZYa
2024-12-31 19:13:02,597 - DEBUG - Password match: True
2024-12-31 19:13:02,598 - INFO - User tylerw@thefuturecomp.com logged in at 2024-12-31 19:13:02.598138
2025-01-01 18:37:35,436 - INFO - User attempted to register at 2025-01-01 18:37:35.435844
2025-01-01 19:00:16,592 - INFO - User viewed the terms and conditions at 2025-01-01 19:00:16.591957
2025-01-01 19:12:13,410 - INFO - User requested a password reset at 2025-01-01 19:12:13.410825
2025-01-01 19:41:40,247 - INFO - User requested a password reset at 2025-01-01 19:41:40.247801
2025-01-02 14:34:54,714 - INFO - User viewed the terms and conditions at 2025-01-02 14:34:54.714617
2025-01-02 15:23:22,921 - INFO - User requested a password reset at 2025-01-02 15:23:22.921521
2025-01-03 01:43:49,461 - INFO - User attempted to register at 2025-01-03 01:43:49.461675
2025-01-03 01:44:09,604 - INFO - User viewed the terms and conditions at 2025-01-03 01:44:09.604834
2025-01-03 01:44:10,808 - INFO - User requested a password reset at 2025-01-03 01:44:10.808399
2025-01-03 02:48:32,455 - INFO - User attempted to register at 2025-01-03 02:48:32.455343
2025-01-03 03:03:58,438 - INFO - User requested a password reset at 2025-01-03 03:03:58.438677
2025-01-03 03:29:18,696 - INFO - User viewed the terms and conditions at 2025-01-03 03:29:18.696646
2025-01-03 18:54:52,298 - INFO - User attempted to register at 2025-01-03 18:54:52.298906
2025-01-03 18:54:52,688 - INFO - User viewed the terms and conditions at 2025-01-03 18:54:52.688520
2025-01-03 18:54:52,695 - INFO - User requested a password reset at 2025-01-03 18:54:52.695403
2025-01-03 22:38:29,644 - INFO - User attempted to register at 2025-01-03 22:38:29.644821
2025-01-03 22:38:30,645 - INFO - User viewed the terms and conditions at 2025-01-03 22:38:30.645048
2025-01-03 22:38:31,645 - INFO - User requested a password reset at 2025-01-03 22:38:31.645237
2025-01-04 18:39:11,671 - INFO - User attempted to register at 2025-01-04 18:39:11.670093
2025-01-04 19:04:06,266 - INFO - User requested a password reset at 2025-01-04 19:04:06.266032
2025-01-04 19:12:23,887 - INFO - User viewed the terms and conditions at 2025-01-04 19:12:23.887854
2025-01-04 23:06:15,112 - INFO - User attempted to register at 2025-01-04 23:06:15.112875
2025-01-05 03:43:05,220 - INFO - User attempted to register at 2025-01-05 03:43:05.220678
2025-01-05 03:44:42,409 - INFO - User viewed the terms and conditions at 2025-01-05 03:44:42.409871
2025-01-05 03:45:02,892 - INFO - User requested a password reset at 2025-01-05 03:45:02.892511
2025-01-05 03:50:04,840 - INFO - User requested a password reset at 2025-01-05 03:50:04.840624
2025-01-05 12:37:23,690 - INFO - User attempted to register at 2025-01-05 12:37:23.690893
2025-01-05 14:17:14,972 - INFO - User viewed the terms and conditions at 2025-01-05 14:17:14.972305
2025-01-05 15:41:10,250 - INFO - User attempted to register at 2025-01-05 15:41:10.249978
2025-01-05 15:52:06,208 - INFO - User requested a password reset at 2025-01-05 15:52:06.208109
2025-01-05 16:02:10,037 - INFO - User viewed the terms and conditions at 2025-01-05 16:02:10.037739
2025-01-05 20:11:20,761 - INFO - User attempted to register at 2025-01-05 20:11:20.761267
2025-01-06 08:29:19,986 - INFO - User requested a password reset at 2025-01-06 08:29:19.986391
2025-01-06 09:59:20,199 - INFO - User attempted to register at 2025-01-06 09:59:20.199202
2025-01-07 14:02:12,237 - INFO - User viewed the terms and conditions at 2025-01-07 14:02:12.236838
2025-01-07 14:59:41,129 - INFO - User viewed the terms and conditions at 2025-01-07 14:59:41.129372
2025-01-07 18:41:15,082 - INFO - User attempted to register at 2025-01-07 18:41:15.082935
2025-01-07 18:55:50,972 - INFO - User viewed the terms and conditions at 2025-01-07 18:55:50.972682
2025-01-07 19:12:06,621 - INFO - User requested a password reset at 2025-01-07 19:12:06.621564
2025-01-08 02:34:10,991 - INFO - User attempted to register at 2025-01-08 02:34:10.991092
2025-01-08 02:45:07,395 - INFO - User requested a password reset at 2025-01-08 02:45:07.395532
2025-01-08 12:43:31,048 - INFO - User attempted to register at 2025-01-08 12:43:31.048818
2025-01-08 12:43:31,341 - INFO - User attempted to register at 2025-01-08 12:43:31.341209
2025-01-08 12:43:31,661 - INFO - User viewed the terms and conditions at 2025-01-08 12:43:31.661401
2025-01-08 12:43:31,900 - INFO - User viewed the terms and conditions at 2025-01-08 12:43:31.900380
2025-01-10 15:42:33,481 - INFO - User attempted to register at 2025-01-10 15:42:33.480903
2025-01-10 15:52:45,407 - INFO - User requested a password reset at 2025-01-10 15:52:45.407185
2025-01-10 18:03:33,991 - INFO - User requested a password reset at 2025-01-10 18:03:33.991540
2025-01-10 18:37:57,591 - INFO - User attempted to register at 2025-01-10 18:37:57.591893
2025-01-10 19:04:18,603 - INFO - User requested a password reset at 2025-01-10 19:04:18.603851
2025-01-10 19:12:56,800 - INFO - User viewed the terms and conditions at 2025-01-10 19:12:56.800641
2025-01-11 08:42:56,961 - INFO - User requested a password reset at 2025-01-11 08:42:56.961020
2025-01-11 09:51:44,390 - INFO - User attempted to register at 2025-01-11 09:51:44.390905
2025-01-11 22:46:28,301 - INFO - User requested a password reset at 2025-01-11 22:46:28.301036
2025-01-11 22:46:31,156 - INFO - User viewed the terms and conditions at 2025-01-11 22:46:31.156535
2025-01-11 23:33:23,638 - INFO - User attempted to register at 2025-01-11 23:33:23.638726
2025-01-13 02:45:48,105 - INFO - User attempted to register at 2025-01-13 02:45:48.104275
2025-01-13 03:18:06,314 - INFO - User viewed the terms and conditions at 2025-01-13 03:18:06.313529
2025-01-13 03:26:30,056 - INFO - User requested a password reset at 2025-01-13 03:26:30.056432
2025-01-13 18:36:41,836 - INFO - User attempted to register at 2025-01-13 18:36:41.836690
2025-01-13 19:26:57,229 - INFO - User viewed the terms and conditions at 2025-01-13 19:26:57.229735
2025-01-13 19:32:21,864 - INFO - User requested a password reset at 2025-01-13 19:32:21.864133
2025-01-15 04:54:07,447 - INFO - User viewed the terms and conditions at 2025-01-15 04:54:07.447770
2025-01-15 15:40:07,961 - INFO - User attempted to register at 2025-01-15 15:40:07.961354
2025-01-15 15:46:06,846 - INFO - User requested a password reset at 2025-01-15 15:46:06.845934
2025-01-15 15:59:35,313 - INFO - User viewed the terms and conditions at 2025-01-15 15:59:35.313744
2025-01-16 04:44:58,671 - INFO - User attempted to register at 2025-01-16 04:44:58.670684
2025-01-16 18:26:00,693 - INFO - User attempted to register at 2025-01-16 18:26:00.693253
2025-01-16 18:49:54,473 - INFO - User viewed the terms and conditions at 2025-01-16 18:49:54.473306
2025-01-16 18:55:03,914 - INFO - User requested a password reset at 2025-01-16 18:55:03.914595
2025-01-16 19:54:59,019 - INFO - User <User ADMIN> attempted to log in at 2025-01-16 19:54:59.019670
2025-01-16 19:54:59,020 - DEBUG - Retrieved hash: $2b$12$Y0Q5Jf8cY3a1GgXCE2emQejD1tOr1BBRfYQ7i.RQDS2Depfj3LEru
2025-01-16 19:54:59,020 - DEBUG - Entered password: Whit123+
2025-01-16 19:54:59,020 - DEBUG - Hash type: <class 'str'>
2025-01-16 19:54:59,320 - DEBUG - Calculated Hash: $2b$12$brdK86I.EbmT8mxHtri/RO9.I2qyHZEInSoPXKl7euFwAvpLqB3Ea
2025-01-16 19:54:59,618 - DEBUG - Password match: True
2025-01-16 19:54:59,618 - INFO - User tylerw@thefuturecomp.com logged in at 2025-01-16 19:54:59.618882
2025-01-16 19:55:01,366 - INFO - User tylerw@thefuturecomp.com accessed the earn points page at 2025-01-16 19:55:01.366103
2025-01-16 19:55:11,443 - INFO - User tylerw@thefuturecomp.com accessed the earn points page at 2025-01-16 19:55:11.443831
2025-01-16 19:55:18,518 - INFO - User tylerw@thefuturecomp.com accessed the earn points page at 2025-01-16 19:55:18.518690
2025-01-16 19:55:18,606 - INFO - User tylerw@thefuturecomp.com successfully earned points for code WINDOW-REAR at 2025-01-16 19:55:18.606853
2025-01-18 01:39:05,736 - INFO - User attempted to register at 2025-01-18 01:39:05.736113
2025-01-18 02:43:02,672 - INFO - User attempted to register at 2025-01-18 02:43:02.672032
2025-01-18 02:47:27,498 - INFO - User requested a password reset at 2025-01-18 02:47:27.498799
2025-01-18 02:55:36,696 - INFO - User viewed the terms and conditions at 2025-01-18 02:55:36.696081
2025-01-18 23:07:26,815 - INFO - User attempted to register at 2025-01-18 23:07:26.815045
2025-01-18 23:08:05,699 - INFO - User requested a password reset at 2025-01-18 23:08:05.698957
2025-01-18 23:08:52,998 - INFO - User viewed the terms and conditions at 2025-01-18 23:08:52.998455
2025-01-19 18:38:30,736 - INFO - User attempted to register at 2025-01-19 18:38:30.736251
2025-01-19 18:52:55,531 - INFO - User viewed the terms and conditions at 2025-01-19 18:52:55.531494
2025-01-19 19:05:46,287 - INFO - User requested a password reset at 2025-01-19 19:05:46.287275
2025-01-20 09:51:01,134 - INFO - User requested a password reset at 2025-01-20 09:51:01.134178
2025-01-20 15:30:29,480 - INFO - User attempted to register at 2025-01-20 15:30:29.480598
2025-01-20 15:40:52,418 - INFO - User requested a password reset at 2025-01-20 15:40:52.418325
2025-01-20 15:51:21,223 - INFO - User viewed the terms and conditions at 2025-01-20 15:51:21.223515
2025-01-22 13:05:14,734 - INFO - User viewed the terms and conditions at 2025-01-22 13:05:14.734068
2025-01-22 13:36:37,465 - INFO - User attempted to register at 2025-01-22 13:36:37.465076
2025-01-22 13:46:17,869 - INFO - User requested a password reset at 2025-01-22 13:46:17.869418
2025-01-22 18:19:23,665 - INFO - User attempted to register at 2025-01-22 18:19:23.665251
2025-01-22 18:31:18,703 - INFO - User None attempted to log in at 2025-01-22 18:31:18.703791
2025-01-22 18:31:18,704 - INFO - Failed login attempt for javalanr@supercompusa.com at 2025-01-22 18:31:18.704416 - User not found
2025-01-22 18:31:26,866 - INFO - User requested a password reset at 2025-01-22 18:31:26.866581
2025-01-22 18:31:39,061 - INFO - User requested a password reset at 2025-01-22 18:31:39.061488
2025-01-22 18:31:39,069 - INFO - Password reset requested for javalanr@supercompusa.com at 2025-01-22 18:31:39.069497
2025-01-22 18:42:05,651 - INFO - User viewed the terms and conditions at 2025-01-22 18:42:05.651823
2025-01-22 18:58:08,735 - INFO - User requested a password reset at 2025-01-22 18:58:08.735347
2025-01-22 20:09:03,779 - INFO - User requested a password reset at 2025-01-22 20:09:03.779650
2025-01-23 17:08:55,186 - INFO - User attempted to register at 2025-01-23 17:08:55.186313
2025-01-23 18:02:57,659 - INFO - User <User ADMIN> attempted to log in at 2025-01-23 18:02:57.659520
2025-01-23 18:02:57,659 - DEBUG - Retrieved hash: $2b$12$Y0Q5Jf8cY3a1GgXCE2emQejD1tOr1BBRfYQ7i.RQDS2Depfj3LEru
2025-01-23 18:02:57,660 - DEBUG - Entered password: Whit123+
2025-01-23 18:02:57,660 - DEBUG - Hash type: <class 'str'>
2025-01-23 18:02:57,964 - DEBUG - Calculated Hash: $2b$12$gGEnfrQORE5DWcayohPMYugtZy7TYaWlsMVAn9e3TWE9fyy5A4Na.
2025-01-23 18:02:58,259 - DEBUG - Password match: True
2025-01-23 18:02:58,260 - INFO - User tylerw@thefuturecomp.com logged in at 2025-01-23 18:02:58.260076
2025-01-23 18:03:01,985 - INFO - User tylerw@thefuturecomp.com accessed the admin dashboard at 2025-01-23 18:03:01.985335
2025-01-23 18:03:12,306 - INFO - User tylerw@thefuturecomp.com accessed the transactions page for tylerw@thefuturecomp.com at 2025-01-23 18:03:12.306542
2025-01-23 18:41:49,586 - INFO - User <User ADMIN> attempted to log in at 2025-01-23 18:41:49.586898
2025-01-23 18:41:49,587 - DEBUG - Retrieved hash: $2b$12$Y0Q5Jf8cY3a1GgXCE2emQejD1tOr1BBRfYQ7i.RQDS2Depfj3LEru
2025-01-23 18:41:49,587 - DEBUG - Entered password: Whit123+
2025-01-23 18:41:49,587 - DEBUG - Hash type: <class 'str'>
2025-01-23 18:41:49,890 - DEBUG - Calculated Hash: $2b$12$aQC8RAl.1zSIqdAd55Ns5O8acMSftMCnYd9o2z74qclqI66vIDlfi
2025-01-23 18:41:50,195 - DEBUG - Password match: True
2025-01-23 18:41:50,196 - INFO - User tylerw@thefuturecomp.com logged in at 2025-01-23 18:41:50.196357
2025-01-23 18:41:50,314 - INFO - User <User ADMIN> attempted to log in at 2025-01-23 18:41:50.314540
2025-01-23 18:41:50,314 - DEBUG - Retrieved hash: $2b$12$Y0Q5Jf8cY3a1GgXCE2emQejD1tOr1BBRfYQ7i.RQDS2Depfj3LEru
2025-01-23 18:41:50,315 - DEBUG - Entered password: Whit123+
2025-01-23 18:41:50,315 - DEBUG - Hash type: <class 'str'>
2025-01-23 18:41:50,630 - DEBUG - Calculated Hash: $2b$12$vE4oo7WmrfgvXVdZI76sJu/VzBzWhSb.9OJ82nsbCczkWdhBdDGkG
2025-01-23 18:41:50,939 - DEBUG - Password match: True
2025-01-23 18:41:50,940 - INFO - User tylerw@thefuturecomp.com logged in at 2025-01-23 18:41:50.940037
2025-01-24 01:03:51,013 - INFO - Form validation failed for Tanner.wilkinson@motounited.com  at 2025-01-24 01:03:51.013534 with errors: {'email': ['Invalid email address.']}
2025-01-24 02:00:25,686 - INFO - User attempted to register at 2025-01-24 02:00:25.686064
2025-01-24 17:36:20,640 - INFO - User viewed the terms and conditions at 2025-01-24 17:36:20.640669
2025-01-24 18:43:11,869 - INFO - User tylerw@thefuturecomp.com accessed the admin dashboard at 2025-01-24 18:43:11.869560
2025-01-24 18:43:22,039 - INFO - User tylerw@thefuturecomp.com accessed the admin dashboard at 2025-01-24 18:43:22.039651
2025-01-24 18:43:25,523 - INFO - User tylerw@thefuturecomp.com accessed the transactions page for tylerw@thefuturecomp.com at 2025-01-24 18:43:25.523376
2025-01-24 18:43:28,515 - INFO - User tylerw@thefuturecomp.com accessed the edit transaction page for transaction 9 at 2025-01-24 18:43:28.514940
2025-01-24 18:43:28,516 - WARNING - User tylerw@thefuturecomp.com attempted to access the edit transaction page for transaction 9 with invalid form data at 2025-01-24 18:43:28.516191
2025-01-24 18:43:28,516 - WARNING - Form validation failed: {}
2025-01-24 18:43:28,516 - DEBUG - Form data: {'original_points': 75, 'description': 'SXS Window Rear Code', 'submit': False, 'csrf_token': None}
2025-01-24 18:43:28,516 - DEBUG - Form errors: {}
2025-01-24 18:43:31,586 - INFO - User tylerw@thefuturecomp.com accessed the edit transaction page for transaction 9 at 2025-01-24 18:43:31.586507
2025-01-24 18:43:31,618 - INFO - User tylerw@thefuturecomp.com updated transaction 9 at 2025-01-24 18:43:31.618348
2025-01-24 18:43:31,706 - INFO - User tylerw@thefuturecomp.com accessed the transactions page for tylerw@thefuturecomp.com at 2025-01-24 18:43:31.706691
2025-01-24 18:44:00,113 - INFO - User tylerw@thefuturecomp.com accessed the earn points page at 2025-01-24 18:44:00.113472
2025-01-24 18:44:22,186 - INFO - User tylerw@thefuturecomp.com accessed the redeem points page at 2025-01-24 18:44:22.186440
2025-01-24 23:55:49,836 - INFO - User tylerw@thefuturecomp.com accessed the admin dashboard at 2025-01-24 23:55:49.836169
2025-01-24 23:55:52,030 - INFO - User tylerw@thefuturecomp.com accessed the admin dashboard at 2025-01-24 23:55:52.030504
2025-01-25 00:25:01,108 - INFO - App started at 2025-01-25 00:25:01.108202
2025-01-25 00:25:01,292 - INFO - Blueprints registered
2025-01-25 00:25:30,245 - INFO - App started at 2025-01-25 00:25:30.244450
2025-01-25 00:25:30,449 - INFO - Blueprints registered
2025-01-25 00:25:40,610 - INFO - User attempted to register at 2025-01-25 00:25:40.610757
2025-01-25 00:26:28,593 - INFO - User <User ADMIN> attempted to log in at 2025-01-25 00:26:28.589379
2025-01-25 00:26:28,599 - DEBUG - Retrieved hash: $2b$12$Y0Q5Jf8cY3a1GgXCE2emQejD1tOr1BBRfYQ7i.RQDS2Depfj3LEru
2025-01-25 00:26:28,599 - DEBUG - Entered password: Whit123+
2025-01-25 00:26:28,600 - DEBUG - Hash type: <class 'str'>
2025-01-25 00:26:29,264 - DEBUG - Calculated Hash: $2b$12$5r7hHVJJjj2aS4RjJedSg.JrEfhAsc9vwA9CvS6hkOXh4x4HJK7tm
2025-01-25 00:26:29,936 - DEBUG - Password match: True
2025-01-25 00:26:29,964 - INFO - User tylerw@thefuturecomp.com logged in at 2025-01-25 00:26:29.961708
2025-01-25 00:43:14,057 - INFO - App started at 2025-01-25 00:43:14.057197
2025-01-25 00:43:14,268 - INFO - Blueprints registered
2025-01-25 00:43:23,757 - INFO - User tylerw@thefuturecomp.com accessed the earn points page at 2025-01-25 00:43:23.757871
2025-01-25 00:43:39,405 - INFO - User tylerw@thefuturecomp.com accessed the earn points page at 2025-01-25 00:43:39.405063
2025-01-25 00:43:48,187 - INFO - User tylerw@thefuturecomp.com accessed the earn points page at 2025-01-25 00:43:48.187896
2025-01-25 00:43:48,221 - INFO - User tylerw@thefuturecomp.com successfully earned points for code WINDOW-FRONT at 2025-01-25 00:43:48.220964
2025-01-25 00:43:54,708 - INFO - User tylerw@thefuturecomp.com accessed the redeem points page at 2025-01-25 00:43:54.708667
2025-01-25 00:44:11,307 - INFO - User tylerw@thefuturecomp.com accessed the redeem points page at 2025-01-25 00:44:11.307262
2025-01-25 00:44:11,307 - INFO - User tylerw@thefuturecomp.com attempted to redeem 50 points at 2025-01-25 00:44:11.307779
2025-01-25 00:44:11,307 - WARNING - User tylerw@thefuturecomp.com attempted to redeem more points than they have at 2025-01-25 00:44:11.307951
2025-01-25 00:44:11,385 - INFO - User tylerw@thefuturecomp.com accessed the redeem points page at 2025-01-25 00:44:11.385231
2025-01-25 00:44:13,819 - INFO - User tylerw@thefuturecomp.com accessed the admin dashboard at 2025-01-25 00:44:13.819033
2025-01-25 00:44:18,997 - INFO - User tylerw@thefuturecomp.com accessed the earn points page at 2025-01-25 00:44:18.996963
2025-01-25 00:44:24,821 - INFO - User tylerw@thefuturecomp.com accessed the earn points page at 2025-01-25 00:44:24.821737
2025-01-25 00:44:24,845 - INFO - User tylerw@thefuturecomp.com successfully earned points for code WINDOW-FRONT at 2025-01-25 00:44:24.845758
2025-01-25 00:44:26,062 - INFO - User tylerw@thefuturecomp.com accessed the earn points page at 2025-01-25 00:44:26.062135
2025-01-25 00:44:34,503 - INFO - User tylerw@thefuturecomp.com accessed the earn points page at 2025-01-25 00:44:34.503481
2025-01-25 00:44:34,525 - INFO - User tylerw@thefuturecomp.com successfully earned points for code WINDOW-FRONT at 2025-01-25 00:44:34.525138
2025-01-25 00:44:37,360 - INFO - User tylerw@thefuturecomp.com accessed the redeem points page at 2025-01-25 00:44:37.360819
2025-01-25 00:44:42,905 - INFO - User tylerw@thefuturecomp.com accessed the redeem points page at 2025-01-25 00:44:42.905869
2025-01-25 00:44:42,906 - INFO - User tylerw@thefuturecomp.com attempted to redeem 50 points at 2025-01-25 00:44:42.906319
2025-01-25 00:44:42,906 - INFO - User tylerw@thefuturecomp.com redeemed 50 points for a VISA Gift Card at 2025-01-25 00:44:42.906441
2025-01-25 00:44:42,906 - ERROR - Error redeeming points for user tylerw@thefuturecomp.com at 2025-01-25 00:44:42.906550: Cannot redeem points. Unapproved receipts are pending.
2025-01-25 00:44:47,129 - INFO - User tylerw@thefuturecomp.com accessed the admin dashboard at 2025-01-25 00:44:47.129845
2025-01-25 00:44:48,044 - INFO - User tylerw@thefuturecomp.com accessed the receipt review page at 2025-01-25 00:44:48.044774
2025-01-25 00:44:50,352 - INFO - User tylerw@thefuturecomp.com accessed the receipt review page at 2025-01-25 00:44:50.352278
2025-01-25 00:44:50,370 - INFO - User tylerw@thefuturecomp.com approved receipt 42 at 2025-01-25 00:44:50.370627
2025-01-25 00:44:50,448 - INFO - User tylerw@thefuturecomp.com accessed the receipt review page at 2025-01-25 00:44:50.448824
2025-01-25 00:44:51,341 - INFO - User tylerw@thefuturecomp.com accessed the receipt review page at 2025-01-25 00:44:51.341811
2025-01-25 00:44:51,357 - INFO - User tylerw@thefuturecomp.com approved receipt 43 at 2025-01-25 00:44:51.357092
2025-01-25 00:44:51,434 - INFO - User tylerw@thefuturecomp.com accessed the receipt review page at 2025-01-25 00:44:51.434725
2025-01-25 00:44:52,244 - INFO - User tylerw@thefuturecomp.com accessed the receipt review page at 2025-01-25 00:44:52.244467
2025-01-25 00:44:52,259 - INFO - User tylerw@thefuturecomp.com approved receipt 44 at 2025-01-25 00:44:52.259342
2025-01-25 00:44:52,343 - INFO - User tylerw@thefuturecomp.com accessed the receipt review page at 2025-01-25 00:44:52.343260
2025-01-25 00:44:52,344 - INFO - User tylerw@thefuturecomp.com attempted to access the receipt review page with no receipts at 2025-01-25 00:44:52.344254
2025-01-25 00:44:52,418 - INFO - User tylerw@thefuturecomp.com accessed the admin dashboard at 2025-01-25 00:44:52.418746
2025-01-25 00:44:55,335 - INFO - User tylerw@thefuturecomp.com accessed the admin dashboard at 2025-01-25 00:44:55.335613
2025-01-25 00:45:07,770 - INFO - User tylerw@thefuturecomp.com accessed the redeem points page at 2025-01-25 00:45:07.770797
2025-01-25 00:45:11,734 - INFO - User tylerw@thefuturecomp.com accessed the redeem points page at 2025-01-25 00:45:11.734432
2025-01-25 00:45:11,735 - INFO - User tylerw@thefuturecomp.com attempted to redeem 50 points at 2025-01-25 00:45:11.734980
2025-01-25 00:45:11,735 - INFO - User tylerw@thefuturecomp.com redeemed 50 points for a VISA Gift Card at 2025-01-25 00:45:11.735114
2025-01-25 00:45:11,755 - INFO - User tylerw@thefuturecomp.com successfully redeemed 50 points for a VISA Gift Card at 2025-01-25 00:45:11.755837
2025-01-25 00:45:17,941 - INFO - User tylerw@thefuturecomp.com accessed the admin dashboard at 2025-01-25 00:45:17.941133
2025-01-25 00:45:20,109 - INFO - User tylerw@thefuturecomp.com accessed the transactions page for tylerw@thefuturecomp.com at 2025-01-25 00:45:20.109069
2025-01-25 00:45:33,313 - INFO - User tylerw@thefuturecomp.com logged out at 2025-01-25 00:45:33.313132
2025-01-25 00:45:35,113 - INFO - User tylerw@thefuturecomp.com logged out at 2025-01-25 00:45:35.113895
2025-01-25 00:45:36,237 - INFO - User attempted to register at 2025-01-25 00:45:36.237687
2025-01-25 00:49:51,822 - INFO - App started at 2025-01-25 00:49:51.822878
2025-01-25 00:49:51,985 - INFO - Blueprints registered
2025-01-25 00:50:00,963 - INFO - User attempted to register at 2025-01-25 00:50:00.963748
2025-01-25 00:50:19,313 - INFO - User <User ADMIN> attempted to log in at 2025-01-25 00:50:19.313521
2025-01-25 00:50:19,314 - DEBUG - Retrieved hash: $2b$12$Y0Q5Jf8cY3a1GgXCE2emQejD1tOr1BBRfYQ7i.RQDS2Depfj3LEru
2025-01-25 00:50:19,315 - DEBUG - Entered password: Whit123+
2025-01-25 00:50:19,315 - DEBUG - Hash type: <class 'str'>
2025-01-25 00:50:19,650 - DEBUG - Calculated Hash: $2b$12$WOf.VRL0jI3x7po3srLQOeWk7qdpgk18Z2G6uIZWLG26BLn/xWBiC
2025-01-25 00:50:19,980 - DEBUG - Password match: True
2025-01-25 00:50:19,981 - INFO - User tylerw@thefuturecomp.com logged in at 2025-01-25 00:50:19.981519
2025-01-25 00:52:02,366 - INFO - User tylerw@thefuturecomp.com accessed the redeem points page at 2025-01-25 00:52:02.366217
2025-01-25 00:52:06,782 - INFO - User tylerw@thefuturecomp.com accessed the admin dashboard at 2025-01-25 00:52:06.782186
2025-01-25 00:52:08,815 - INFO - route_called mark_gift_card_sent
2025-01-25 00:52:08,820 - INFO - <RedemptionLog User 4: -50 points for VISA Gift Card worth $50.00>
2025-01-25 00:52:08,834 - INFO - User tylerw@thefuturecomp.com marked redemption 1 as sent at 2025-01-25 00:52:08.834466
2025-01-25 00:52:08,910 - INFO - User tylerw@thefuturecomp.com accessed the admin dashboard at 2025-01-25 00:52:08.910688
2025-01-25 02:28:46,685 - INFO - User attempted to register at 2025-01-25 02:28:46.684962
2025-01-25 02:48:41,157 - INFO - User viewed the terms and conditions at 2025-01-25 02:48:41.157377
2025-01-25 04:31:08,556 - INFO - User requested a password reset at 2025-01-25 04:31:08.555976
2025-01-25 17:17:10,396 - INFO - User attempted to register at 2025-01-25 17:17:10.396209
2025-01-25 18:44:23,330 - INFO - User attempted to register at 2025-01-25 18:44:23.330167
2025-01-25 18:53:39,960 - INFO - User requested a password reset at 2025-01-25 18:53:39.959980
2025-01-25 19:03:39,093 - INFO - User viewed the terms and conditions at 2025-01-25 19:03:39.093416
2025-01-25 21:05:28,050 - INFO - Form validation failed for Tanner.wilkinson@motounited.com  at 2025-01-25 21:05:28.050500 with errors: {'email': ['Invalid email address.'], 'csrf_token': ['The CSRF token has expired.']}
2025-01-25 21:05:33,088 - INFO - User attempted to register at 2025-01-25 21:05:33.088301
2025-01-25 21:06:32,342 - INFO - User attempted to register at 2025-01-25 21:06:32.342936
2025-01-25 21:06:55,465 - INFO - User attempted to register at 2025-01-25 21:06:55.465478
2025-01-25 21:07:03,910 - INFO - Form validation failed for TannerWilk at 2025-01-25 21:07:03.910609 with errors: {'email': ['Invalid email address.']}
2025-01-25 21:07:31,271 - INFO - User None attempted to log in at 2025-01-25 21:07:31.271802
2025-01-25 21:07:31,272 - INFO - Failed login attempt for Tanner.wilkinson@motounited.com at 2025-01-25 21:07:31.272329 - User not found
2025-01-26 00:56:26,769 - INFO - User attempted to register at 2025-01-26 00:56:26.769256
2025-01-26 00:56:32,650 - INFO - User viewed the terms and conditions at 2025-01-26 00:56:32.650424
2025-01-26 00:56:38,995 - INFO - User requested a password reset at 2025-01-26 00:56:38.995156
2025-01-26 07:23:05,655 - INFO - Form validation failed for Tanner.wilkinson@motounited.com at 2025-01-26 07:23:05.655066 with errors: {'csrf_token': ['The CSRF token has expired.']}
2025-01-27 15:31:38,369 - INFO - User attempted to register at 2025-01-27 15:31:38.369271
2025-01-27 15:47:37,130 - INFO - User requested a password reset at 2025-01-27 15:47:37.130587
2025-01-27 15:53:49,902 - INFO - User viewed the terms and conditions at 2025-01-27 15:53:49.902703
2025-01-27 16:34:55,955 - INFO - User attempted to register at 2025-01-27 16:34:55.955190
2025-01-27 16:37:02,490 - INFO - User attempted to register at 2025-01-27 16:37:02.490526
2025-01-27 16:37:37,177 - INFO - User attempted to register at 2025-01-27 16:37:37.177764
2025-01-27 16:38:12,224 - INFO - User attempted to register at 2025-01-27 16:38:12.224799
2025-01-27 16:38:36,820 - INFO - User attempted to register at 2025-01-27 16:38:36.820427
2025-01-27 16:38:59,695 - INFO - Form validation failed for Jorgensen Power Sports at 2025-01-27 16:38:59.695217 with errors: {'email': ['Invalid email address.']}
2025-01-27 16:39:43,031 - INFO - User None attempted to log in at 2025-01-27 16:39:43.031451
2025-01-27 16:39:43,031 - INFO - Failed login attempt for shane@jhsport.com at 2025-01-27 16:39:43.031960 - User not found
2025-01-27 16:44:09,883 - INFO - User attempted to register at 2025-01-27 16:44:09.883257
2025-01-27 16:45:57,743 - INFO - User attempted to register at 2025-01-27 16:45:57.743499
2025-01-27 16:45:57,758 - INFO - User shane@jhsport.com successfully registered at 2025-01-27 16:45:57.758799
2025-01-27 16:45:58,074 - INFO - User shane@jhsport.com successfully registered at 2025-01-27 16:45:58.074077
2025-01-27 16:46:03,665 - INFO - Form validation failed for Jorgensen Power Sports at 2025-01-27 16:46:03.665301 with errors: {'email': ['Invalid email address.']}
2025-01-27 16:46:26,090 - INFO - User <User Jorgensen Power Sports> attempted to log in at 2025-01-27 16:46:26.090678
2025-01-27 16:46:26,091 - DEBUG - Retrieved hash: $2b$12$9Z9tMYp.FPIj6UkAqX1v.OhlfS3QlJAq8KqSbzHW3aRI8ABlK057e
2025-01-27 16:46:26,091 - DEBUG - Entered password: Service2025!
2025-01-27 16:46:26,091 - DEBUG - Hash type: <class 'str'>
2025-01-27 16:46:26,381 - DEBUG - Calculated Hash: $2b$12$CjF68OGp/4E0rZbxonNdO.TCyVUogwX6/mYdHwcs3GrxdlmZI8rSa
2025-01-27 16:46:26,684 - DEBUG - Password match: True
2025-01-27 16:46:26,684 - INFO - User shane@jhsport.com logged in at 2025-01-27 16:46:26.684956
2025-01-27 16:46:42,742 - INFO - User shane@jhsport.com accessed the earn points page at 2025-01-27 16:46:42.742797
2025-01-27 17:28:22,844 - INFO - User tylerw@thefuturecomp.com accessed the admin dashboard at 2025-01-27 17:28:22.844588
2025-01-27 17:28:36,367 - INFO - User tylerw@thefuturecomp.com accessed the admin dashboard at 2025-01-27 17:28:36.366981
2025-01-27 17:33:55,361 - INFO - User tylerw@thefuturecomp.com accessed the admin dashboard at 2025-01-27 17:33:55.361024
2025-01-27 20:08:29,236 - INFO - User tylerw@thefuturecomp.com accessed the admin dashboard at 2025-01-27 20:08:29.236835
2025-01-28 02:49:01,427 - INFO - User attempted to register at 2025-01-28 02:49:01.427503
2025-01-28 18:42:13,714 - INFO - User attempted to register at 2025-01-28 18:42:13.713785
2025-01-28 18:52:16,317 - INFO - User requested a password reset at 2025-01-28 18:52:16.316795
2025-01-28 19:02:47,192 - INFO - User viewed the terms and conditions at 2025-01-28 19:02:47.192814
2025-01-29 02:39:30,991 - INFO - User requested a password reset at 2025-01-29 02:39:30.991146
2025-01-29 13:14:12,502 - INFO - User attempted to register at 2025-01-29 13:14:12.502011
2025-01-29 15:58:57,431 - INFO - User <User Tyler W> attempted to log in at 2025-01-29 15:58:57.431920
2025-01-29 15:58:57,433 - DEBUG - Retrieved hash: $2b$12$Y0Q5Jf8cY3a1GgXCE2emQejD1tOr1BBRfYQ7i.RQDS2Depfj3LEru
2025-01-29 15:58:57,434 - DEBUG - Entered password: Whit123+
2025-01-29 15:58:57,434 - DEBUG - Hash type: <class 'str'>
2025-01-29 15:58:57,724 - DEBUG - Calculated Hash: $2b$12$wDMwseYT.F2VTVce./0xWOrAjZVfbgsyTaZdxXl/FgKybFuMZ9usu
2025-01-29 15:58:58,014 - DEBUG - Password match: True
2025-01-29 15:58:58,015 - INFO - User tylerw@thefuturecomp.com logged in at 2025-01-29 15:58:58.015549
2025-01-29 15:58:58,128 - INFO - User <User Tyler W> attempted to log in at 2025-01-29 15:58:58.128246
2025-01-29 15:58:58,128 - DEBUG - Retrieved hash: $2b$12$Y0Q5Jf8cY3a1GgXCE2emQejD1tOr1BBRfYQ7i.RQDS2Depfj3LEru
2025-01-29 15:58:58,128 - DEBUG - Entered password: Whit123+
2025-01-29 15:58:58,129 - DEBUG - Hash type: <class 'str'>
2025-01-29 15:58:58,418 - DEBUG - Calculated Hash: $2b$12$eato9TQxHxnYY07UjrK9FuczZZYa0N8wrYWuY9ER1cq1IPPWUQj7K
2025-01-29 15:58:58,706 - DEBUG - Password match: True
2025-01-29 15:58:58,707 - INFO - User tylerw@thefuturecomp.com logged in at 2025-01-29 15:58:58.707420
2025-01-29 15:59:03,361 - INFO - User tylerw@thefuturecomp.com accessed the admin dashboard at 2025-01-29 15:59:03.361005
2025-01-29 16:01:52,829 - INFO - User tylerw@thefuturecomp.com logged out at 2025-01-29 16:01:52.829116
2025-01-29 16:01:54,032 - INFO - User tylerw@thefuturecomp.com logged out at 2025-01-29 16:01:54.032561
2025-01-29 16:01:56,658 - INFO - User attempted to register at 2025-01-29 16:01:56.658481
2025-01-29 16:03:03,342 - INFO - User attempted to register at 2025-01-29 16:03:03.342797
2025-01-29 16:11:37,473 - INFO - User attempted to register at 2025-01-29 16:11:37.473784
2025-01-29 16:27:51,649 - INFO - App started at 2025-01-29 16:27:51.648416
2025-01-29 16:27:51,870 - INFO - Blueprints registered
2025-01-29 16:28:22,326 - INFO - User tylerw@thefuturecomp.com logged out at 2025-01-29 16:28:22.324827
2025-01-29 16:28:22,530 - INFO - User tylerw@thefuturecomp.com logged out at 2025-01-29 16:28:22.530107
2025-01-29 16:28:24,457 - INFO - User tylerw@thefuturecomp.com logged out at 2025-01-29 16:28:24.457958
2025-01-29 16:28:26,832 - INFO - User attempted to register at 2025-01-29 16:28:26.832063
2025-01-29 16:29:00,132 - INFO - User attempted to register at 2025-01-29 16:29:00.131984
2025-01-29 16:29:00,226 - INFO - User tylerwhitlock50@outlook.com successfully registered at 2025-01-29 16:29:00.225984
2025-01-29 16:29:00,591 - INFO - User tylerwhitlock50@outlook.com successfully registered at 2025-01-29 16:29:00.591911
2025-01-29 16:29:17,949 - INFO - User <User Tyler> attempted to log in at 2025-01-29 16:29:17.949103
2025-01-29 16:29:17,949 - DEBUG - Retrieved hash: $2b$12$pvMLQLDVdqdeCUVPkCC3iujHxCcM6s3JMQr8UMplujc6j5BSIT39y
2025-01-29 16:29:17,949 - DEBUG - Entered password: Whit123+
2025-01-29 16:29:17,950 - DEBUG - Hash type: <class 'str'>
2025-01-29 16:29:18,268 - DEBUG - Calculated Hash: $2b$12$6r7EavZoh5y9PNF7R5KE7.DgpKdJbtoFAZNg8JtV8QycA8fLUVKw.
2025-01-29 16:29:18,586 - DEBUG - Password match: True
2025-01-29 16:29:18,587 - INFO - User tylerwhitlock50@outlook.com logged in at 2025-01-29 16:29:18.587035
2025-01-29 16:30:09,367 - INFO - User tylerwhitlock50@outlook.com logged out at 2025-01-29 16:30:09.366965
2025-01-29 16:30:10,620 - INFO - User tylerwhitlock50@outlook.com logged out at 2025-01-29 16:30:10.620084
2025-01-29 16:39:02,724 - INFO - App started at 2025-01-29 16:39:02.723823
2025-01-29 16:39:03,117 - INFO - Blueprints registered
2025-01-29 16:39:31,334 - INFO - User attempted to register at 2025-01-29 16:39:31.334051
2025-01-29 16:39:31,398 - WARNING - User registration failed at 2025-01-29 16:39:31.398237 from 172.19.0.1. Errors: {}
2025-01-29 16:40:11,679 - INFO - User attempted to register at 2025-01-29 16:40:11.679696
2025-01-29 16:40:11,688 - WARNING - User registration failed at 2025-01-29 16:40:11.688185 from 172.19.0.1. Errors: {}
2025-01-29 16:40:28,672 - INFO - User attempted to register at 2025-01-29 16:40:28.672178
2025-01-29 16:40:28,742 - INFO - User tylerwhitlock50@gmail.com successfully registered at 2025-01-29 16:40:28.742726
2025-01-29 16:40:29,058 - INFO - User tylerwhitlock50@gmail.com successfully registered at 2025-01-29 16:40:29.058027
2025-01-29 16:40:46,265 - INFO - User attempted to register at 2025-01-29 16:40:46.265129
2025-01-29 16:40:46,275 - WARNING - User registration failed at 2025-01-29 16:40:46.275246 from 172.19.0.1. Errors: {}
2025-01-29 16:40:59,892 - INFO - User attempted to register at 2025-01-29 16:40:59.892397
2025-01-29 16:40:59,908 - WARNING - User registration failed at 2025-01-29 16:40:59.908540 from 172.19.0.1. Errors: {'email': ['Email is already registered.'], 'username': ['Username is already taken.']}
2025-01-29 16:42:31,579 - INFO - User attempted to register at 2025-01-29 16:42:31.579715
2025-01-29 16:42:31,594 - INFO - User tylerwhitlock50@gmail.com successfully registered at 2025-01-29 16:42:31.594352
2025-01-29 16:42:31,933 - INFO - User tylerwhitlock50@gmail.com successfully registered at 2025-01-29 16:42:31.933345
2025-01-29 16:42:46,377 - INFO - User attempted to register at 2025-01-29 16:42:46.377308
2025-01-29 16:42:46,385 - WARNING - User registration failed at 2025-01-29 16:42:46.385543 from 172.19.0.1. Errors: {}
2025-01-29 16:43:15,773 - INFO - User attempted to register at 2025-01-29 16:43:15.773152
2025-01-29 16:43:15,787 - WARNING - User registration failed at 2025-01-29 16:43:15.787486 from 172.19.0.1. Errors: {'referal_code': ['Invalid referral code. Please enter a valid code to register.'], 'confirm_password': ['Field must be equal to password.']}
2025-01-29 16:45:56,168 - INFO - App started at 2025-01-29 16:45:56.167780
2025-01-29 16:45:56,390 - INFO - Blueprints registered
2025-01-29 16:46:03,153 - INFO - User attempted to register at 2025-01-29 16:46:03.153663
2025-01-29 16:46:03,202 - WARNING - User registration failed at 2025-01-29 16:46:03.202225 from 172.19.0.1. Errors: {}
2025-01-29 16:46:09,172 - INFO - User attempted to register at 2025-01-29 16:46:09.172471
2025-01-29 16:46:09,178 - WARNING - User registration failed at 2025-01-29 16:46:09.178350 from 172.19.0.1. Errors: {}
2025-01-29 16:46:27,811 - INFO - User attempted to register at 2025-01-29 16:46:27.811177
2025-01-29 16:46:27,889 - WARNING - User registration failed at 2025-01-29 16:46:27.889495 from 172.19.0.1. Errors: {'referal_code': ['Invalid referral code. Please enter a valid code to register.']}
2025-01-29 16:46:44,337 - INFO - User attempted to register at 2025-01-29 16:46:44.337686
2025-01-29 16:46:44,356 - WARNING - User registration failed at 2025-01-29 16:46:44.355888 from 172.19.0.1. Errors: {'confirm_password': ['Field must be equal to password.']}
2025-01-29 16:46:53,767 - INFO - User attempted to register at 2025-01-29 16:46:53.767875
2025-01-29 16:46:53,780 - INFO - User tylerwhitlock50@gmail.com successfully registered at 2025-01-29 16:46:53.780680
2025-01-29 16:46:54,097 - INFO - User tylerwhitlock50@gmail.com successfully registered at 2025-01-29 16:46:54.097731
2025-01-29 16:47:05,522 - INFO - User attempted to register at 2025-01-29 16:47:05.522144
2025-01-29 16:47:05,531 - WARNING - User registration failed at 2025-01-29 16:47:05.531211 from 172.19.0.1. Errors: {}
2025-01-29 16:47:07,292 - INFO - User attempted to register at 2025-01-29 16:47:07.292066
2025-01-29 16:47:07,297 - WARNING - User registration failed at 2025-01-29 16:47:07.297775 from 172.19.0.1. Errors: {}
2025-01-29 16:47:56,236 - INFO - User attempted to register at 2025-01-29 16:47:56.236549
2025-01-29 16:47:56,254 - INFO - User tylerwhitlock50@gmail.com successfully registered at 2025-01-29 16:47:56.254311
2025-01-29 16:47:56,613 - INFO - User tylerwhitlock50@gmail.com successfully registered at 2025-01-29 16:47:56.613474
2025-01-29 17:07:11,972 - INFO - User attempted to register at 2025-01-29 17:07:11.972033
2025-01-29 17:07:11,986 - WARNING - User registration failed at 2025-01-29 17:07:11.986345 from 172.19.0.1. Errors: {}
2025-01-29 17:07:22,041 - INFO - User viewed the terms and conditions at 2025-01-29 17:07:22.041405
2025-01-29 18:03:50,372 - INFO - User attempted to register at 2025-01-29 18:03:50.372664
2025-01-29 18:03:50,383 - WARNING - User registration failed at 2025-01-29 18:03:50.383011 from 172.19.0.1. Errors: {}
2025-01-29 18:05:23,976 - INFO - User attempted to register at 2025-01-29 18:05:23.975981
2025-01-29 18:05:23,998 - INFO - User Javalanr@supercompusa.com successfully registered at 2025-01-29 18:05:23.998611
2025-01-29 18:05:24,322 - INFO - User Javalanr@supercompusa.com successfully registered at 2025-01-29 18:05:24.322549
2025-01-29 18:05:53,329 - INFO - User <User Elvis> attempted to log in at 2025-01-29 18:05:53.329872
2025-01-29 18:05:53,330 - DEBUG - Retrieved hash: $2b$12$NwGj2QvCk3cEeCLxpDCXDuCsD6plv.NBwLX0eR5JtEd4rYX5lJp3u
2025-01-29 18:05:53,330 - DEBUG - Entered password: Reese2019!
2025-01-29 18:05:53,330 - DEBUG - Hash type: <class 'str'>
2025-01-29 18:05:53,636 - DEBUG - Calculated Hash: $2b$12$blTpN7jnMQ0Fv2RYq0FFHux7v2aIYRxuqp9uRWTPxawjTK1cxDXG2
2025-01-29 18:05:53,955 - DEBUG - Password match: True
2025-01-29 18:05:53,955 - INFO - User javalanr@supercompusa.com logged in at 2025-01-29 18:05:53.955945
2025-01-29 19:18:11,419 - INFO - User attempted to register at 2025-01-29 19:18:11.419760
2025-01-29 19:18:11,431 - WARNING - User registration failed at 2025-01-29 19:18:11.431751 from 172.19.0.1. Errors: {}
2025-01-29 19:19:08,943 - INFO - User attempted to register at 2025-01-29 19:19:08.942963
2025-01-29 19:19:08,963 - WARNING - User registration failed at 2025-01-29 19:19:08.963612 from 172.19.0.1. Errors: {'referal_code': ['Invalid referral code. Please enter a valid code to register.']}
2025-01-29 19:19:43,679 - INFO - User attempted to register at 2025-01-29 19:19:43.679521
2025-01-29 19:19:43,692 - INFO - User tanner.wilkinson@motounited.com successfully registered at 2025-01-29 19:19:43.692862
2025-01-29 19:19:43,988 - INFO - User tanner.wilkinson@motounited.com successfully registered at 2025-01-29 19:19:43.988396
2025-01-29 19:19:50,823 - INFO - Form validation failed for DUSTFREE at 2025-01-29 19:19:50.823363 with errors: {'email': ['Invalid email address.']}
2025-01-29 19:19:56,530 - INFO - User <User TannerWilk> attempted to log in at 2025-01-29 19:19:56.530313
2025-01-29 19:19:56,530 - DEBUG - Retrieved hash: $2b$12$pHrUZ3tndwKAuCZACsyGW.Gl3eHFfR2qn/fv7teG5fNHhuPVvWKVC
2025-01-29 19:19:56,530 - DEBUG - Entered password: 301689
2025-01-29 19:19:56,530 - DEBUG - Hash type: <class 'str'>
2025-01-29 19:19:56,815 - DEBUG - Calculated Hash: $2b$12$bluVF3OHrbP4iRCoFd9UKe3uw5bxc825CtxyIO8qFORXqeuXDLeba
2025-01-29 19:19:57,103 - DEBUG - Password match: True
2025-01-29 19:19:57,104 - INFO - User tanner.wilkinson@motounited.com logged in at 2025-01-29 19:19:57.104131
2025-01-29 21:21:51,598 - INFO - User attempted to register at 2025-01-29 21:21:51.598330
2025-01-29 21:21:51,614 - WARNING - User registration failed at 2025-01-29 21:21:51.614355 from 172.19.0.1. Errors: {}
2025-01-29 22:29:21,045 - INFO - Form validation failed for tylerw@thefuturecomp.com at 2025-01-29 22:29:21.045618 with errors: {'csrf_token': ['The CSRF token has expired.']}
2025-01-29 22:29:25,471 - INFO - User <User The Admin> attempted to log in at 2025-01-29 22:29:25.471511
2025-01-29 22:29:25,472 - DEBUG - Retrieved hash: $2b$12$Y0Q5Jf8cY3a1GgXCE2emQejD1tOr1BBRfYQ7i.RQDS2Depfj3LEru
2025-01-29 22:29:25,472 - DEBUG - Entered password: Whit123+
2025-01-29 22:29:25,472 - DEBUG - Hash type: <class 'str'>
2025-01-29 22:29:25,786 - DEBUG - Calculated Hash: $2b$12$B.LF7xDspJtAw0cJb.29HenN.9q/uVwwtQhoHM6Yb53R4M9mWxm2u
2025-01-29 22:29:26,102 - DEBUG - Password match: True
2025-01-29 22:29:26,103 - INFO - User tylerw@thefuturecomp.com logged in at 2025-01-29 22:29:26.103338
2025-01-29 22:29:29,490 - INFO - User tylerw@thefuturecomp.com accessed the admin dashboard at 2025-01-29 22:29:29.490229
2025-01-29 22:29:34,732 - INFO - User tylerw@thefuturecomp.com accessed the admin dashboard at 2025-01-29 22:29:34.732110
2025-01-29 22:29:37,238 - INFO - User tylerw@thefuturecomp.com accessed the admin dashboard at 2025-01-29 22:29:37.238226
2025-01-29 22:38:47,888 - INFO - User viewed the terms and conditions at 2025-01-29 22:38:47.887967
2025-01-30 00:10:13,423 - INFO - User tylerw@thefuturecomp.com accessed the admin dashboard at 2025-01-30 00:10:13.422984
2025-01-30 01:50:26,601 - INFO - User attempted to register at 2025-01-30 01:50:26.601091
2025-01-30 01:50:26,618 - WARNING - User registration failed at 2025-01-30 01:50:26.617907 from 172.19.0.1. Errors: {}
2025-01-30 01:54:34,140 - INFO - User tylerw@thefuturecomp.com accessed the admin dashboard at 2025-01-30 01:54:34.140757
2025-01-30 02:36:57,340 - INFO - User attempted to register at 2025-01-30 02:36:57.340804
2025-01-30 02:36:57,352 - WARNING - User registration failed at 2025-01-30 02:36:57.352906 from 172.19.0.1. Errors: {}
2025-01-30 02:46:02,569 - INFO - User requested a password reset at 2025-01-30 02:46:02.569081
2025-01-30 02:56:53,647 - INFO - User viewed the terms and conditions at 2025-01-30 02:56:53.647505
2025-01-30 08:41:20,659 - INFO - User attempted to register at 2025-01-30 08:41:20.659928
2025-01-30 08:41:20,683 - WARNING - User registration failed at 2025-01-30 08:41:20.683202 from 172.19.0.1. Errors: {}
2025-01-30 17:16:40,826 - INFO - User attempted to register at 2025-01-30 17:16:40.826396
2025-01-30 17:16:40,838 - WARNING - User registration failed at 2025-01-30 17:16:40.838757 from 172.19.0.1. Errors: {}
2025-01-30 17:18:28,514 - INFO - User attempted to register at 2025-01-30 17:18:28.513952
2025-01-30 17:18:28,537 - WARNING - User registration failed at 2025-01-30 17:18:28.537007 from 172.19.0.1. Errors: {'referal_code': ['Invalid referral code. Please enter a valid code to register.']}
2025-01-30 17:19:14,695 - INFO - User attempted to register at 2025-01-30 17:19:14.695458
2025-01-30 17:19:14,709 - INFO - User scotonetwalton@gmail.com successfully registered at 2025-01-30 17:19:14.709027
2025-01-30 17:19:15,015 - INFO - User scotonetwalton@gmail.com successfully registered at 2025-01-30 17:19:15.015036
2025-01-30 17:20:07,517 - INFO - User <User Scot> attempted to log in at 2025-01-30 17:20:07.517539
2025-01-30 17:20:07,518 - DEBUG - Retrieved hash: $2b$12$g9YwhT8xLjVhaRAhabDmfudDHyPZPMmfaC2ODOxoCNA2yzaCMU1fm
2025-01-30 17:20:07,518 - DEBUG - Entered password: Crf4502015!
2025-01-30 17:20:07,518 - DEBUG - Hash type: <class 'str'>
2025-01-30 17:20:07,837 - DEBUG - Calculated Hash: $2b$12$ZiQL.if36d40DnOQSWm.Ou0BptaWz5CtaydKp8R4/RAMqZHiZlWze
2025-01-30 17:20:08,146 - DEBUG - Password match: True
2025-01-30 17:20:08,147 - INFO - User scotonetwalton@gmail.com logged in at 2025-01-30 17:20:08.147238
2025-01-30 17:20:29,972 - INFO - User scotonetwalton@gmail.com accessed the earn points page at 2025-01-30 17:20:29.972156
2025-01-30 17:30:37,249 - INFO - User attempted to register at 2025-01-30 17:30:37.249313
2025-01-30 17:30:37,260 - WARNING - User registration failed at 2025-01-30 17:30:37.259992 from 172.19.0.1. Errors: {}
2025-01-30 17:33:40,030 - INFO - User attempted to register at 2025-01-30 17:33:40.030521
2025-01-30 17:33:40,045 - INFO - User victor.herrera@motounited.com successfully registered at 2025-01-30 17:33:40.045186
2025-01-30 17:33:40,353 - INFO - User victor.herrera@motounited.com successfully registered at 2025-01-30 17:33:40.353167
2025-01-30 17:33:55,993 - INFO - Form validation failed for Vic  at 2025-01-30 17:33:55.993218 with errors: {'email': ['Invalid email address.']}
2025-01-30 17:34:42,152 - INFO - User <User Vic > attempted to log in at 2025-01-30 17:34:42.152182
2025-01-30 17:34:42,153 - DEBUG - Retrieved hash: $2b$12$HTGcudk9oBonkm/OZqSwbe85BJ8ts2WyggNYMQCQPJGLtVhFXY.US
2025-01-30 17:34:42,153 - DEBUG - Entered password: Race7000$
2025-01-30 17:34:42,153 - DEBUG - Hash type: <class 'str'>
2025-01-30 17:34:42,496 - DEBUG - Calculated Hash: $2b$12$AeTod.wVuhcipOBWH/TIYun3WaF2fsHETerML/rzQG29moTCe50OK
2025-01-30 17:34:42,851 - DEBUG - Password match: True
2025-01-30 17:34:42,852 - INFO - User victor.herrera@motounited.com logged in at 2025-01-30 17:34:42.852552
2025-01-30 17:35:00,134 - INFO - User victor.herrera@motounited.com logged out at 2025-01-30 17:35:00.134777
2025-01-30 17:35:03,931 - INFO - User victor.herrera@motounited.com logged out at 2025-01-30 17:35:03.931378
2025-01-30 18:00:21,718 - INFO - User <User The Admin> attempted to log in at 2025-01-30 18:00:21.718475
2025-01-30 18:00:21,718 - DEBUG - Retrieved hash: $2b$12$Y0Q5Jf8cY3a1GgXCE2emQejD1tOr1BBRfYQ7i.RQDS2Depfj3LEru
2025-01-30 18:00:21,719 - DEBUG - Entered password: Whit123+
2025-01-30 18:00:21,719 - DEBUG - Hash type: <class 'str'>
2025-01-30 18:00:22,025 - DEBUG - Calculated Hash: $2b$12$fLUdXEhQzA8RYIrNv7w6O.U88Oorc.ADgBDSTjln/a4sABEpkZ1OG
2025-01-30 18:00:22,332 - DEBUG - Password match: True
2025-01-30 18:00:22,333 - INFO - User tylerw@thefuturecomp.com logged in at 2025-01-30 18:00:22.333771
2025-01-30 18:00:27,098 - INFO - User tylerw@thefuturecomp.com accessed the admin dashboard at 2025-01-30 18:00:27.098770
2025-01-30 18:00:33,928 - INFO - User tylerw@thefuturecomp.com accessed the edit user page for user 14 at 2025-01-30 18:00:33.928206
2025-01-30 18:04:38,039 - INFO - User tylerw@thefuturecomp.com accessed the admin dashboard at 2025-01-30 18:04:38.039062
2025-01-30 18:05:17,942 - INFO - User tylerw@thefuturecomp.com accessed the admin dashboard at 2025-01-30 18:05:17.942193
2025-01-30 18:05:30,864 - INFO - User tylerw@thefuturecomp.com accessed the transactions page for tylerw@thefuturecomp.com at 2025-01-30 18:05:30.864840
2025-01-30 18:05:41,266 - INFO - User tylerw@thefuturecomp.com accessed the edit transaction page for transaction 44 at 2025-01-30 18:05:41.266278
2025-01-30 18:05:41,266 - WARNING - User tylerw@thefuturecomp.com attempted to access the edit transaction page for transaction 44 with invalid form data at 2025-01-30 18:05:41.266718
2025-01-30 18:05:41,266 - WARNING - Form validation failed: {}
2025-01-30 18:05:41,266 - DEBUG - Form data: {'original_points': 20, 'description': 'SXS Window Front Code', 'submit': False, 'csrf_token': None}
2025-01-30 18:05:41,267 - DEBUG - Form errors: {}
2025-01-30 18:05:45,377 - INFO - User tylerw@thefuturecomp.com accessed the edit transaction page for transaction 44 at 2025-01-30 18:05:45.377507
2025-01-30 18:05:45,393 - INFO - User tylerw@thefuturecomp.com updated transaction 44 at 2025-01-30 18:05:45.393052
2025-01-30 18:05:45,483 - INFO - User tylerw@thefuturecomp.com accessed the transactions page for tylerw@thefuturecomp.com at 2025-01-30 18:05:45.483814
2025-01-30 18:05:50,262 - INFO - User tylerw@thefuturecomp.com accessed the admin dashboard at 2025-01-30 18:05:50.262592
2025-01-30 18:10:41,590 - INFO - User tylerw@thefuturecomp.com accessed the admin dashboard at 2025-01-30 18:10:41.589904
2025-01-30 18:10:49,072 - INFO - User tylerw@thefuturecomp.com accessed the admin dashboard at 2025-01-30 18:10:49.072299
2025-01-30 18:20:22,895 - INFO - User <User The Admin> attempted to log in at 2025-01-30 18:20:22.895685
2025-01-30 18:20:22,896 - DEBUG - Retrieved hash: $2b$12$Y0Q5Jf8cY3a1GgXCE2emQejD1tOr1BBRfYQ7i.RQDS2Depfj3LEru
2025-01-30 18:20:22,896 - DEBUG - Entered password: Whit123+
2025-01-30 18:20:22,896 - DEBUG - Hash type: <class 'str'>
2025-01-30 18:20:23,239 - DEBUG - Calculated Hash: $2b$12$i.0k3AIHTMS5vzg27.WVPO21r0cfGfrkDTaG88r8DtS970/oRpOIW
2025-01-30 18:20:23,578 - DEBUG - Password match: True
2025-01-30 18:20:23,579 - INFO - User tylerw@thefuturecomp.com logged in at 2025-01-30 18:20:23.579756
2025-01-30 18:20:25,561 - INFO - User tylerw@thefuturecomp.com accessed the admin dashboard at 2025-01-30 18:20:25.561649
2025-01-30 18:20:43,976 - INFO - User tylerw@thefuturecomp.com accessed the edit user page for user 14 at 2025-01-30 18:20:43.975961
2025-01-31 04:14:02,636 - INFO - User attempted to register at 2025-01-31 04:14:02.636115
2025-01-31 04:14:02,651 - WARNING - User registration failed at 2025-01-31 04:14:02.651172 from 172.19.0.1. Errors: {}
2025-01-31 05:43:03,677 - INFO - User attempted to register at 2025-01-31 05:43:03.677511
2025-01-31 05:43:03,693 - WARNING - User registration failed at 2025-01-31 05:43:03.693495 from 172.19.0.1. Errors: {}
2025-01-31 09:29:07,672 - INFO - User attempted to register at 2025-01-31 09:29:07.672227
2025-01-31 09:29:07,697 - WARNING - User registration failed at 2025-01-31 09:29:07.697775 from 172.19.0.1. Errors: {}
2025-01-31 09:29:10,281 - INFO - User requested a password reset at 2025-01-31 09:29:10.281394
2025-01-31 09:29:11,490 - INFO - User viewed the terms and conditions at 2025-01-31 09:29:11.490514
2025-01-31 15:02:20,003 - INFO - User attempted to register at 2025-01-31 15:02:20.003637
2025-01-31 15:02:20,016 - WARNING - User registration failed at 2025-01-31 15:02:20.016258 from 172.19.0.1. Errors: {}
2025-01-31 15:42:00,936 - INFO - User <User The Admin> attempted to log in at 2025-01-31 15:42:00.936273
2025-01-31 15:42:00,936 - DEBUG - Retrieved hash: $2b$12$Y0Q5Jf8cY3a1GgXCE2emQejD1tOr1BBRfYQ7i.RQDS2Depfj3LEru
2025-01-31 15:42:00,936 - DEBUG - Entered password: Whit123+
2025-01-31 15:42:00,936 - DEBUG - Hash type: <class 'str'>
2025-01-31 15:42:01,263 - DEBUG - Calculated Hash: $2b$12$M0wMBi.sKjKq4TLkA0QMcuabmM/.ulxzmBSzxVShbY3lc1Oq/QC1a
2025-01-31 15:42:01,583 - DEBUG - Password match: True
2025-01-31 15:42:01,584 - INFO - User tylerw@thefuturecomp.com logged in at 2025-01-31 15:42:01.584048
2025-01-31 15:42:04,288 - INFO - User tylerw@thefuturecomp.com accessed the admin dashboard at 2025-01-31 15:42:04.288211
2025-01-31 18:23:43,970 - INFO - User attempted to register at 2025-01-31 18:23:43.970290
2025-01-31 18:23:43,981 - WARNING - User registration failed at 2025-01-31 18:23:43.981914 from 172.19.0.1. Errors: {}
2025-01-31 18:48:05,549 - INFO - User viewed the terms and conditions at 2025-01-31 18:48:05.549704
2025-01-31 18:58:17,761 - INFO - User requested a password reset at 2025-01-31 18:58:17.761636
2025-02-01 13:14:18,246 - INFO - User requested a password reset at 2025-02-01 13:14:18.246408
2025-02-01 20:06:18,057 - INFO - User <User The Admin> attempted to log in at 2025-02-01 20:06:18.057535
2025-02-01 20:06:18,058 - DEBUG - Retrieved hash: $2b$12$Y0Q5Jf8cY3a1GgXCE2emQejD1tOr1BBRfYQ7i.RQDS2Depfj3LEru
2025-02-01 20:06:18,058 - DEBUG - Entered password: Whit123+
2025-02-01 20:06:18,058 - DEBUG - Hash type: <class 'str'>
2025-02-01 20:06:18,397 - DEBUG - Calculated Hash: $2b$12$WbjJeON3p2ra6ZCX9NZjXu9wmCd782Y77LbED9jGF1sWWD9CssH22
2025-02-01 20:06:18,742 - DEBUG - Password match: True
2025-02-01 20:06:18,743 - INFO - User tylerw@thefuturecomp.com logged in at 2025-02-01 20:06:18.743338
2025-02-01 20:06:18,905 - INFO - User <User The Admin> attempted to log in at 2025-02-01 20:06:18.905243
2025-02-01 20:06:18,905 - DEBUG - Retrieved hash: $2b$12$Y0Q5Jf8cY3a1GgXCE2emQejD1tOr1BBRfYQ7i.RQDS2Depfj3LEru
2025-02-01 20:06:18,905 - DEBUG - Entered password: Whit123+
2025-02-01 20:06:18,905 - DEBUG - Hash type: <class 'str'>
2025-02-01 20:06:19,196 - DEBUG - Calculated Hash: $2b$12$X.AGKkciwn.QPp2ACCTImOWOKcoVnKBltQMsWbaT1kgIpM/nmQzAC
2025-02-01 20:06:19,480 - DEBUG - Password match: True
2025-02-01 20:06:19,481 - INFO - User tylerw@thefuturecomp.com logged in at 2025-02-01 20:06:19.481063
2025-02-01 20:06:32,373 - INFO - User tylerw@thefuturecomp.com accessed the earn points page at 2025-02-01 20:06:32.372994
2025-02-02 22:39:59,881 - INFO - User attempted to register at 2025-02-02 22:39:59.880695
2025-02-02 22:39:59,903 - WARNING - User registration failed at 2025-02-02 22:39:59.903198 from 172.19.0.1. Errors: {}
2025-02-02 22:40:00,879 - INFO - User viewed the terms and conditions at 2025-02-02 22:40:00.879638
2025-02-02 22:40:01,880 - INFO - User requested a password reset at 2025-02-02 22:40:01.880220
2025-02-03 18:35:19,810 - INFO - Form validation failed for TannerWilk at 2025-02-03 18:35:19.810261 with errors: {'email': ['Invalid email address.']}
2025-02-03 18:35:36,885 - INFO - Form validation failed for Tanner.wilkinson@motounited.com  at 2025-02-03 18:35:36.885116 with errors: {'email': ['Invalid email address.']}
2025-02-03 18:35:48,934 - INFO - Form validation failed for Tanner.wilkinson@motounited.com  at 2025-02-03 18:35:48.934311 with errors: {'email': ['Invalid email address.']}
2025-02-03 18:36:05,623 - INFO - User <User TannerWilk> attempted to log in at 2025-02-03 18:36:05.623239
2025-02-03 18:36:05,623 - DEBUG - Retrieved hash: $2b$12$pHrUZ3tndwKAuCZACsyGW.Gl3eHFfR2qn/fv7teG5fNHhuPVvWKVC
2025-02-03 18:36:05,623 - DEBUG - Entered password: 301689
2025-02-03 18:36:05,623 - DEBUG - Hash type: <class 'str'>
2025-02-03 18:36:05,912 - DEBUG - Calculated Hash: $2b$12$2raVXcB7I/DVosfRaaWjt.GNZON90ViVjvwTcVHNFhWVJItI5BLOq
2025-02-03 18:36:06,204 - DEBUG - Password match: True
2025-02-03 18:36:06,205 - INFO - User tanner.wilkinson@motounited.com logged in at 2025-02-03 18:36:06.205366
2025-02-03 18:36:12,743 - INFO - User tanner.wilkinson@motounited.com accessed the earn points page at 2025-02-03 18:36:12.743395
2025-02-03 18:38:28,476 - INFO - User tanner.wilkinson@motounited.com accessed the earn points page at 2025-02-03 18:38:28.476264
2025-02-03 18:38:28,522 - INFO - User tanner.wilkinson@motounited.com successfully earned points for code WINDOW-FRONT at 2025-02-03 18:38:28.522390
2025-02-03 21:48:39,540 - INFO - User tanner.wilkinson@motounited.com accessed the earn points page at 2025-02-03 21:48:39.540499
2025-02-03 21:52:08,036 - INFO - User tanner.wilkinson@motounited.com accessed the earn points page at 2025-02-03 21:52:08.036030
2025-02-03 22:06:23,484 - INFO - User tanner.wilkinson@motounited.com accessed the earn points page at 2025-02-03 22:06:23.484389
2025-02-03 22:06:29,656 - INFO - User tanner.wilkinson@motounited.com accessed the earn points page at 2025-02-03 22:06:29.655989
2025-02-03 22:06:37,583 - INFO - User tanner.wilkinson@motounited.com accessed the earn points page at 2025-02-03 22:06:37.583061
2025-02-03 22:07:18,924 - INFO - User tanner.wilkinson@motounited.com accessed the earn points page at 2025-02-03 22:07:18.924324
2025-02-03 22:07:25,039 - INFO - User <User The Admin> attempted to log in at 2025-02-03 22:07:25.039774
2025-02-03 22:07:25,040 - DEBUG - Retrieved hash: $2b$12$Y0Q5Jf8cY3a1GgXCE2emQejD1tOr1BBRfYQ7i.RQDS2Depfj3LEru
2025-02-03 22:07:25,040 - DEBUG - Entered password: Whit123+
2025-02-03 22:07:25,040 - DEBUG - Hash type: <class 'str'>
2025-02-03 22:07:25,343 - DEBUG - Calculated Hash: $2b$12$LWu/kIFzFVtkD7Bph1s7rulwJdp96CMQz66UsGrE4g9cR3AAfRXKK
2025-02-03 22:07:25,656 - DEBUG - Password match: True
2025-02-03 22:07:25,657 - INFO - User tylerw@thefuturecomp.com logged in at 2025-02-03 22:07:25.657341
2025-02-03 22:07:27,386 - INFO - User tanner.wilkinson@motounited.com accessed the earn points page at 2025-02-03 22:07:27.386744
2025-02-03 22:07:30,802 - INFO - User tylerw@thefuturecomp.com accessed the admin dashboard at 2025-02-03 22:07:30.802142
2025-02-03 22:07:34,713 - INFO - User tylerw@thefuturecomp.com accessed the transactions page for tanner.wilkinson@motounited.com at 2025-02-03 22:07:34.712953
2025-02-03 22:08:27,576 - INFO - User tanner.wilkinson@motounited.com accessed the earn points page at 2025-02-03 22:08:27.576532
2025-02-03 22:09:19,233 - INFO - User tanner.wilkinson@motounited.com accessed the earn points page at 2025-02-03 22:09:19.233863
2025-02-03 22:09:50,908 - INFO - User tylerw@thefuturecomp.com accessed the transactions page for tanner.wilkinson@motounited.com at 2025-02-03 22:09:50.908713
